2023-05-27 12:17:16,564 INFO autoreload 8548 5172 C:\Users\Maks\PycharmProjects\orders-auto\auto\order\views.py changed, reloading.
2023-05-27 12:17:17,643 INFO autoreload 3700 12632 Watching for file changes with StatReloader
2023-05-27 12:17:47,193 INFO autoreload 3700 12632 C:\Users\Maks\PycharmProjects\orders-auto\auto\order\views.py changed, reloading.
2023-05-27 12:17:48,149 INFO autoreload 11192 16160 Watching for file changes with StatReloader
2023-05-27 12:23:36,174 INFO autoreload 11192 16160 C:\Users\Maks\PycharmProjects\orders-auto\auto\auto\settings.py changed, reloading.
2023-05-27 12:23:37,173 INFO autoreload 3824 3004 Watching for file changes with StatReloader
2023-05-27 12:31:23,644 INFO autoreload 3824 3004 C:\Users\Maks\PycharmProjects\orders-auto\auto\order\views.py changed, reloading.
2023-05-27 12:31:24,899 INFO autoreload 5468 16104 Watching for file changes with StatReloader
2023-05-27 12:32:30,531 INFO autoreload 15520 9624 Watching for file changes with StatReloader
2023-05-27 12:32:41,012 INFO basehttp 15520 12268 "GET /order/add/ HTTP/1.1" 200 2246
2023-05-27 12:32:58,488 INFO basehttp 15520 12268 "POST /order/add/ HTTP/1.1" 302 0
2023-05-27 12:32:58,562 INFO basehttp 15520 12268 "GET /order/ HTTP/1.1" 200 2958
2023-05-27 12:33:19,486 INFO basehttp 15520 12268 "GET /order/delete/40 HTTP/1.1" 302 0
2023-05-27 12:33:19,526 INFO basehttp 15520 12268 "GET /order/ HTTP/1.1" 200 2772
2023-05-27 12:33:20,287 INFO basehttp 15520 12268 "GET /order/delete/41 HTTP/1.1" 302 0
2023-05-27 12:33:20,339 INFO basehttp 15520 12268 "GET /order/ HTTP/1.1" 200 2586
2023-05-27 12:33:20,870 INFO basehttp 15520 12268 "GET /order/delete/42 HTTP/1.1" 302 0
2023-05-27 12:33:20,899 INFO basehttp 15520 12268 "GET /order/ HTTP/1.1" 200 2400
2023-05-27 12:33:21,448 INFO basehttp 15520 12268 "GET /order/delete/43 HTTP/1.1" 302 0
2023-05-27 12:33:21,474 INFO basehttp 15520 12268 "GET /order/ HTTP/1.1" 200 2214
2023-05-27 12:33:21,996 INFO basehttp 15520 12268 "GET /order/delete/44 HTTP/1.1" 302 0
2023-05-27 12:33:22,021 INFO basehttp 15520 12268 "GET /order/ HTTP/1.1" 200 2028
2023-05-27 12:33:22,534 INFO basehttp 15520 12268 "GET /order/delete/45 HTTP/1.1" 302 0
2023-05-27 12:33:22,557 INFO basehttp 15520 12268 "GET /order/ HTTP/1.1" 200 1842
2023-05-27 12:33:23,066 INFO basehttp 15520 12268 "GET /order/delete/46 HTTP/1.1" 302 0
2023-05-27 12:33:23,089 INFO basehttp 15520 12268 "GET /order/ HTTP/1.1" 200 1656
2023-05-27 12:33:23,917 INFO basehttp 15520 12268 "GET /order/delete/47 HTTP/1.1" 302 0
2023-05-27 12:33:23,937 INFO basehttp 15520 12268 "GET /order/ HTTP/1.1" 200 1470
2023-05-27 12:33:38,538 INFO basehttp 15520 12268 "GET /order/add/ HTTP/1.1" 200 2246
2023-05-27 12:35:34,673 INFO autoreload 15520 9624 C:\Users\Maks\PycharmProjects\orders-auto\auto\order\views.py changed, reloading.
2023-05-27 12:35:35,640 INFO autoreload 13108 10228 Watching for file changes with StatReloader
2023-05-27 12:35:38,038 INFO basehttp 13108 5212 "GET /order/add/ HTTP/1.1" 200 1673
2023-05-27 12:35:50,808 INFO autoreload 13108 10228 C:\Users\Maks\PycharmProjects\orders-auto\auto\order\views.py changed, reloading.
2023-05-27 12:35:51,706 INFO autoreload 16548 6632 Watching for file changes with StatReloader
2023-05-27 12:35:54,021 INFO basehttp 16548 16284 "GET /order/add/ HTTP/1.1" 200 2246
2023-05-27 12:37:24,593 INFO autoreload 16548 6632 C:\Users\Maks\PycharmProjects\orders-auto\auto\order\forms.py changed, reloading.
2023-05-27 12:37:25,510 INFO autoreload 10236 1700 Watching for file changes with StatReloader
2023-05-27 12:37:27,872 INFO basehttp 10236 2360 "GET /order/add/ HTTP/1.1" 200 2246
2023-05-27 12:37:29,523 INFO basehttp 10236 2360 "GET /order/add/ HTTP/1.1" 200 2246
2023-05-27 12:37:56,838 INFO autoreload 10236 1700 C:\Users\Maks\PycharmProjects\orders-auto\auto\order\forms.py changed, reloading.
2023-05-27 12:37:57,846 INFO autoreload 3248 12372 Watching for file changes with StatReloader
2023-05-27 12:38:48,899 INFO autoreload 3248 12372 C:\Users\Maks\PycharmProjects\orders-auto\auto\order\views.py changed, reloading.
2023-05-27 12:38:49,797 INFO autoreload 15936 16908 Watching for file changes with StatReloader
2023-05-27 12:38:51,982 INFO basehttp 15936 8824 "GET /order/add/ HTTP/1.1" 200 2111
2023-05-27 12:40:28,112 INFO autoreload 15936 16908 C:\Users\Maks\PycharmProjects\orders-auto\auto\order\forms.py changed, reloading.
2023-05-27 12:40:29,016 INFO autoreload 2760 17172 Watching for file changes with StatReloader
2023-05-27 12:40:58,331 INFO autoreload 2760 17172 C:\Users\Maks\PycharmProjects\orders-auto\auto\order\forms.py changed, reloading.
2023-05-27 12:40:59,210 INFO autoreload 17044 14900 Watching for file changes with StatReloader
2023-05-27 12:41:04,056 INFO basehttp 17044 17324 "GET /order/add/ HTTP/1.1" 200 2120
2023-05-27 12:41:15,825 INFO basehttp 17044 17324 "POST /order/add/ HTTP/1.1" 302 0
2023-05-27 12:41:15,901 INFO basehttp 17044 17324 "GET /order/ HTTP/1.1" 200 1656
2023-05-27 12:42:18,658 INFO autoreload 17044 14900 C:\Users\Maks\PycharmProjects\orders-auto\auto\order\views.py changed, reloading.
2023-05-27 12:42:19,548 INFO autoreload 16520 13800 Watching for file changes with StatReloader
2023-05-27 12:42:26,628 INFO basehttp 16520 15636 "GET /order/delete/48 HTTP/1.1" 302 0
2023-05-27 12:42:26,661 INFO basehttp 16520 15636 "GET /order/ HTTP/1.1" 200 1470
2023-05-27 12:42:32,926 INFO basehttp 16520 15636 "GET /order/add/ HTTP/1.1" 200 2567
2023-05-27 12:42:46,543 INFO autoreload 16520 13800 C:\Users\Maks\PycharmProjects\orders-auto\auto\order\views.py changed, reloading.
2023-05-27 12:42:47,379 INFO autoreload 10344 16480 Watching for file changes with StatReloader
2023-05-27 12:44:05,878 INFO autoreload 10344 16480 C:\Users\Maks\PycharmProjects\orders-auto\auto\order\views.py changed, reloading.
2023-05-27 12:44:06,749 INFO autoreload 9064 16692 Watching for file changes with StatReloader
2023-05-27 12:44:09,330 INFO basehttp 9064 10756 "GET /order/add/ HTTP/1.1" 200 2120
2023-05-27 12:44:19,742 INFO basehttp 9064 10756 "POST /order/add/ HTTP/1.1" 302 0
2023-05-27 12:44:19,825 INFO basehttp 9064 10756 "GET /order/ HTTP/1.1" 200 1656
2023-05-27 12:44:51,464 INFO autoreload 9064 16692 C:\Users\Maks\PycharmProjects\orders-auto\auto\order\views.py changed, reloading.
2023-05-27 12:44:52,386 INFO autoreload 13172 17292 Watching for file changes with StatReloader
2023-05-27 12:48:03,636 INFO autoreload 13172 17292 C:\Users\Maks\PycharmProjects\orders-auto\auto\order\views.py changed, reloading.
2023-05-27 12:48:04,580 INFO autoreload 15000 9728 Watching for file changes with StatReloader
2023-05-27 12:48:10,784 INFO basehttp 15000 14536 "GET /order/add/ HTTP/1.1" 200 2120
2023-05-27 12:48:18,794 INFO basehttp 15000 14536 "POST /order/add/ HTTP/1.1" 302 0
2023-05-27 12:48:18,868 INFO basehttp 15000 14536 "GET /order/ HTTP/1.1" 200 1842
2023-05-27 12:48:48,644 INFO autoreload 15000 9728 C:\Users\Maks\PycharmProjects\orders-auto\auto\order\views.py changed, reloading.
2023-05-27 12:48:49,582 INFO autoreload 8804 14156 Watching for file changes with StatReloader
2023-05-27 12:49:09,352 INFO basehttp 8804 16236 "GET /order/ HTTP/1.1" 200 1842
2023-05-27 12:49:10,847 INFO basehttp 8804 16236 "GET /order/delete/49 HTTP/1.1" 302 0
2023-05-27 12:49:10,875 INFO basehttp 8804 16236 "GET /order/ HTTP/1.1" 200 1656
2023-05-27 12:49:11,538 INFO basehttp 8804 16236 "GET /order/delete/50 HTTP/1.1" 302 0
2023-05-27 12:49:11,557 INFO basehttp 8804 16236 "GET /order/ HTTP/1.1" 200 1470
2023-05-27 12:49:13,138 INFO basehttp 8804 16236 "GET /order/add/ HTTP/1.1" 200 2120
2023-05-27 12:49:21,626 INFO basehttp 8804 16236 "POST /order/add/ HTTP/1.1" 302 0
2023-05-27 12:49:21,703 INFO basehttp 8804 16236 "GET /order/ HTTP/1.1" 200 1656
2023-05-27 12:52:04,458 INFO autoreload 8804 14156 C:\Users\Maks\PycharmProjects\orders-auto\auto\order\views.py changed, reloading.
2023-05-27 12:52:05,458 INFO autoreload 16796 16368 Watching for file changes with StatReloader
2023-05-27 12:52:08,013 INFO basehttp 16796 17080 "GET /order/delete/51 HTTP/1.1" 302 0
2023-05-27 12:52:08,042 INFO basehttp 16796 17080 "GET /order/ HTTP/1.1" 200 1470
2023-05-27 12:52:09,582 INFO basehttp 16796 17080 "GET /order/add/ HTTP/1.1" 200 2120
2023-05-27 12:52:17,935 ERROR log 16796 17080 Internal Server Error: /order/add/
Traceback (most recent call last):
  File "C:\Users\Maks\PycharmProjects\orders-auto\venv\lib\site-packages\django\core\handlers\exception.py", line 47, in inner
    response = get_response(request)
  File "C:\Users\Maks\PycharmProjects\orders-auto\venv\lib\site-packages\django\core\handlers\base.py", line 181, in _get_response
    response = wrapped_callback(request, *callback_args, **callback_kwargs)
  File "C:\Users\Maks\PycharmProjects\orders-auto\venv\lib\site-packages\django\contrib\auth\decorators.py", line 21, in _wrapped_view
    return view_func(request, *args, **kwargs)
  File "C:\Users\Maks\PycharmProjects\orders-auto\auto\order\views.py", line 79, in add_order
    image.save()
  File "C:\Users\Maks\PycharmProjects\orders-auto\venv\lib\site-packages\django\db\models\base.py", line 726, in save
    self.save_base(using=using, force_insert=force_insert,
  File "C:\Users\Maks\PycharmProjects\orders-auto\venv\lib\site-packages\django\db\models\base.py", line 763, in save_base
    updated = self._save_table(
  File "C:\Users\Maks\PycharmProjects\orders-auto\venv\lib\site-packages\django\db\models\base.py", line 868, in _save_table
    results = self._do_insert(cls._base_manager, using, fields, returning_fields, raw)
  File "C:\Users\Maks\PycharmProjects\orders-auto\venv\lib\site-packages\django\db\models\base.py", line 906, in _do_insert
    return manager._insert(
  File "C:\Users\Maks\PycharmProjects\orders-auto\venv\lib\site-packages\django\db\models\manager.py", line 85, in manager_method
    return getattr(self.get_queryset(), name)(*args, **kwargs)
  File "C:\Users\Maks\PycharmProjects\orders-auto\venv\lib\site-packages\django\db\models\query.py", line 1270, in _insert
    return query.get_compiler(using=using).execute_sql(returning_fields)
  File "C:\Users\Maks\PycharmProjects\orders-auto\venv\lib\site-packages\django\db\models\sql\compiler.py", line 1409, in execute_sql
    for sql, params in self.as_sql():
  File "C:\Users\Maks\PycharmProjects\orders-auto\venv\lib\site-packages\django\db\models\sql\compiler.py", line 1352, in as_sql
    value_rows = [
  File "C:\Users\Maks\PycharmProjects\orders-auto\venv\lib\site-packages\django\db\models\sql\compiler.py", line 1353, in <listcomp>
    [self.prepare_value(field, self.pre_save_val(field, obj)) for field in fields]
  File "C:\Users\Maks\PycharmProjects\orders-auto\venv\lib\site-packages\django\db\models\sql\compiler.py", line 1353, in <listcomp>
    [self.prepare_value(field, self.pre_save_val(field, obj)) for field in fields]
  File "C:\Users\Maks\PycharmProjects\orders-auto\venv\lib\site-packages\django\db\models\sql\compiler.py", line 1304, in pre_save_val
    return field.pre_save(obj, add=True)
  File "C:\Users\Maks\PycharmProjects\orders-auto\venv\lib\site-packages\django\db\models\fields\files.py", line 299, in pre_save
    if file and not file._committed:
AttributeError: 'bytes' object has no attribute '_committed'
2023-05-27 12:52:17,938 ERROR basehttp 16796 17080 "POST /order/add/ HTTP/1.1" 500 133821
2023-05-27 12:53:49,629 INFO autoreload 16796 16368 C:\Users\Maks\PycharmProjects\orders-auto\auto\order\views.py changed, reloading.
2023-05-27 12:53:50,588 INFO autoreload 8184 14888 Watching for file changes with StatReloader
2023-05-27 12:54:02,293 INFO basehttp 8184 15900 "POST /order/add/ HTTP/1.1" 302 0
2023-05-27 12:54:41,410 INFO autoreload 8184 14888 C:\Users\Maks\PycharmProjects\orders-auto\auto\order\views.py changed, reloading.
2023-05-27 12:54:42,559 INFO autoreload 15152 14512 Watching for file changes with StatReloader
2023-05-27 12:54:43,673 INFO basehttp 15152 1436 "GET /order/ HTTP/1.1" 200 1842
2023-05-27 12:54:45,646 INFO basehttp 15152 1436 "GET /order/delete/52 HTTP/1.1" 302 0
2023-05-27 12:54:45,668 INFO basehttp 15152 1436 "GET /order/ HTTP/1.1" 200 1656
2023-05-27 12:54:47,249 INFO basehttp 15152 1436 "GET /order/delete/53 HTTP/1.1" 302 0
2023-05-27 12:54:47,276 INFO basehttp 15152 1436 "GET /order/ HTTP/1.1" 200 1470
2023-05-27 12:54:50,064 INFO basehttp 15152 1436 "GET /order/add/ HTTP/1.1" 200 2120
2023-05-27 12:55:01,488 INFO views 15152 1436 1
2023-05-27 12:55:01,497 INFO views 15152 1436 1
2023-05-27 12:55:01,504 INFO views 15152 1436 1
2023-05-27 12:55:01,511 INFO views 15152 1436 1
2023-05-27 12:55:01,516 INFO views 15152 1436 1
2023-05-27 12:55:01,522 INFO views 15152 1436 1
2023-05-27 12:55:01,528 INFO views 15152 1436 1
2023-05-27 12:55:01,534 INFO views 15152 1436 1
2023-05-27 12:55:01,540 INFO views 15152 1436 1
2023-05-27 12:55:01,546 INFO views 15152 1436 1
2023-05-27 12:55:01,553 INFO views 15152 1436 1
2023-05-27 12:55:01,558 INFO views 15152 1436 1
2023-05-27 12:55:01,564 INFO views 15152 1436 1
2023-05-27 12:55:01,570 INFO views 15152 1436 1
2023-05-27 12:55:01,576 INFO views 15152 1436 1
2023-05-27 12:55:01,582 INFO views 15152 1436 1
2023-05-27 12:55:01,588 INFO views 15152 1436 1
2023-05-27 12:55:01,595 INFO views 15152 1436 1
2023-05-27 12:55:01,601 INFO views 15152 1436 1
2023-05-27 12:55:01,607 INFO views 15152 1436 1
2023-05-27 12:55:01,614 INFO views 15152 1436 1
2023-05-27 12:55:01,620 INFO views 15152 1436 1
2023-05-27 12:55:01,626 INFO views 15152 1436 1
2023-05-27 12:55:01,632 INFO views 15152 1436 1
2023-05-27 12:55:01,639 INFO views 15152 1436 1
2023-05-27 12:55:01,645 INFO views 15152 1436 1
2023-05-27 12:55:01,651 INFO views 15152 1436 1
2023-05-27 12:55:01,657 INFO views 15152 1436 1
2023-05-27 12:55:01,663 INFO views 15152 1436 1
2023-05-27 12:55:01,669 INFO views 15152 1436 1
2023-05-27 12:55:01,675 INFO views 15152 1436 1
2023-05-27 12:55:01,684 INFO views 15152 1436 1
2023-05-27 12:55:01,697 INFO views 15152 1436 1
2023-05-27 12:55:01,703 INFO views 15152 1436 1
2023-05-27 12:55:01,709 INFO views 15152 1436 1
2023-05-27 12:55:01,715 INFO views 15152 1436 1
2023-05-27 12:55:01,722 INFO views 15152 1436 1
2023-05-27 12:55:01,728 INFO views 15152 1436 1
2023-05-27 12:55:01,735 INFO views 15152 1436 1
2023-05-27 12:55:01,741 INFO views 15152 1436 1
2023-05-27 12:55:01,747 INFO views 15152 1436 1
2023-05-27 12:55:01,753 INFO views 15152 1436 1
2023-05-27 12:55:01,759 INFO views 15152 1436 1
2023-05-27 12:55:01,764 INFO views 15152 1436 1
2023-05-27 12:55:01,770 INFO views 15152 1436 1
2023-05-27 12:55:01,776 INFO views 15152 1436 1
2023-05-27 12:55:01,783 INFO views 15152 1436 1
2023-05-27 12:55:01,788 INFO views 15152 1436 1
2023-05-27 12:55:01,794 INFO views 15152 1436 1
2023-05-27 12:55:01,800 INFO views 15152 1436 1
2023-05-27 12:55:01,806 INFO views 15152 1436 1
2023-05-27 12:55:01,812 INFO views 15152 1436 1
2023-05-27 12:55:01,819 INFO views 15152 1436 1
2023-05-27 12:55:01,825 INFO views 15152 1436 1
2023-05-27 12:55:01,831 INFO views 15152 1436 1
2023-05-27 12:55:01,838 INFO views 15152 1436 1
2023-05-27 12:55:01,843 INFO views 15152 1436 1
2023-05-27 12:55:01,850 INFO views 15152 1436 1
2023-05-27 12:55:01,856 INFO views 15152 1436 1
2023-05-27 12:55:01,862 INFO views 15152 1436 1
2023-05-27 12:55:01,868 INFO views 15152 1436 1
2023-05-27 12:55:01,874 INFO views 15152 1436 1
2023-05-27 12:55:01,880 INFO views 15152 1436 1
2023-05-27 12:55:01,887 INFO views 15152 1436 1
2023-05-27 12:55:01,893 INFO views 15152 1436 1
2023-05-27 12:55:01,899 INFO views 15152 1436 1
2023-05-27 12:55:01,905 INFO views 15152 1436 1
2023-05-27 12:55:01,911 INFO views 15152 1436 1
2023-05-27 12:55:01,918 INFO views 15152 1436 1
2023-05-27 12:55:01,924 INFO views 15152 1436 1
2023-05-27 12:55:01,931 INFO views 15152 1436 1
2023-05-27 12:55:01,938 INFO views 15152 1436 1
2023-05-27 12:55:01,943 INFO views 15152 1436 1
2023-05-27 12:55:01,949 INFO views 15152 1436 1
2023-05-27 12:55:01,955 INFO views 15152 1436 1
2023-05-27 12:55:01,961 INFO views 15152 1436 1
2023-05-27 12:55:01,969 INFO views 15152 1436 1
2023-05-27 12:55:01,977 INFO views 15152 1436 1
2023-05-27 12:55:01,989 INFO views 15152 1436 1
2023-05-27 12:55:01,995 INFO views 15152 1436 1
2023-05-27 12:55:02,002 INFO views 15152 1436 1
2023-05-27 12:55:02,008 INFO views 15152 1436 1
2023-05-27 12:55:02,014 INFO views 15152 1436 1
2023-05-27 12:55:02,020 INFO views 15152 1436 1
2023-05-27 12:55:02,026 INFO views 15152 1436 1
2023-05-27 12:55:02,033 INFO views 15152 1436 1
2023-05-27 12:55:02,038 INFO views 15152 1436 1
2023-05-27 12:55:02,045 INFO views 15152 1436 1
2023-05-27 12:55:02,051 INFO views 15152 1436 1
2023-05-27 12:55:02,057 INFO views 15152 1436 1
2023-05-27 12:55:02,063 INFO views 15152 1436 1
2023-05-27 12:55:02,069 INFO views 15152 1436 1
2023-05-27 12:55:02,076 INFO views 15152 1436 1
2023-05-27 12:55:02,082 INFO views 15152 1436 1
2023-05-27 12:55:02,088 INFO views 15152 1436 1
2023-05-27 12:55:02,098 INFO views 15152 1436 1
2023-05-27 12:55:02,104 INFO views 15152 1436 1
2023-05-27 12:55:02,111 INFO views 15152 1436 1
2023-05-27 12:55:02,117 INFO views 15152 1436 1
2023-05-27 12:55:02,123 INFO views 15152 1436 1
2023-05-27 12:55:02,130 INFO views 15152 1436 1
2023-05-27 12:55:02,136 INFO views 15152 1436 1
2023-05-27 12:55:02,143 INFO views 15152 1436 1
2023-05-27 12:55:02,152 INFO views 15152 1436 1
2023-05-27 12:55:02,162 INFO views 15152 1436 1
2023-05-27 12:55:02,169 INFO views 15152 1436 1
2023-05-27 12:55:02,176 INFO views 15152 1436 1
2023-05-27 12:55:02,183 INFO views 15152 1436 1
2023-05-27 12:55:02,190 INFO views 15152 1436 1
2023-05-27 12:55:02,197 INFO views 15152 1436 1
2023-05-27 12:55:02,204 INFO views 15152 1436 1
2023-05-27 12:55:02,210 INFO views 15152 1436 1
2023-05-27 12:55:02,217 INFO views 15152 1436 1
2023-05-27 12:55:02,224 INFO views 15152 1436 1
2023-05-27 12:55:02,230 INFO views 15152 1436 1
2023-05-27 12:55:02,240 INFO views 15152 1436 1
2023-05-27 12:55:02,246 INFO views 15152 1436 1
2023-05-27 12:55:02,253 INFO views 15152 1436 1
2023-05-27 12:55:02,260 INFO views 15152 1436 1
2023-05-27 12:55:02,269 INFO views 15152 1436 1
2023-05-27 12:55:02,277 INFO views 15152 1436 1
2023-05-27 12:55:02,285 INFO views 15152 1436 1
2023-05-27 12:55:02,293 INFO views 15152 1436 1
2023-05-27 12:55:02,301 INFO views 15152 1436 1
2023-05-27 12:55:02,309 INFO views 15152 1436 1
2023-05-27 12:55:02,316 INFO views 15152 1436 1
2023-05-27 12:55:02,322 INFO views 15152 1436 1
2023-05-27 12:55:02,330 INFO views 15152 1436 1
2023-05-27 12:55:02,336 INFO views 15152 1436 1
2023-05-27 12:55:02,343 INFO views 15152 1436 1
2023-05-27 12:55:02,350 INFO views 15152 1436 1
2023-05-27 12:55:02,356 INFO views 15152 1436 1
2023-05-27 12:55:02,362 INFO views 15152 1436 1
2023-05-27 12:55:02,368 INFO views 15152 1436 1
2023-05-27 12:55:02,375 INFO views 15152 1436 1
2023-05-27 12:55:02,381 INFO views 15152 1436 1
2023-05-27 12:55:02,388 INFO views 15152 1436 1
2023-05-27 12:55:02,395 INFO views 15152 1436 1
2023-05-27 12:55:02,405 INFO views 15152 1436 1
2023-05-27 12:55:02,411 INFO views 15152 1436 1
2023-05-27 12:55:02,418 INFO views 15152 1436 1
2023-05-27 12:55:02,424 INFO views 15152 1436 1
2023-05-27 12:55:02,430 INFO views 15152 1436 1
2023-05-27 12:55:02,437 INFO views 15152 1436 1
2023-05-27 12:55:02,444 INFO views 15152 1436 1
2023-05-27 12:55:02,450 INFO views 15152 1436 1
2023-05-27 12:55:02,456 INFO views 15152 1436 1
2023-05-27 12:55:02,462 INFO views 15152 1436 1
2023-05-27 12:55:02,469 INFO views 15152 1436 1
2023-05-27 12:55:02,475 INFO views 15152 1436 1
2023-05-27 12:55:02,482 INFO views 15152 1436 1
2023-05-27 12:55:02,490 INFO views 15152 1436 1
2023-05-27 12:55:02,497 INFO views 15152 1436 1
2023-05-27 12:55:02,504 INFO views 15152 1436 1
2023-05-27 12:55:02,511 INFO views 15152 1436 1
2023-05-27 12:55:02,518 INFO views 15152 1436 1
2023-05-27 12:55:02,525 INFO views 15152 1436 1
2023-05-27 12:55:02,532 INFO views 15152 1436 1
2023-05-27 12:55:02,538 INFO views 15152 1436 1
2023-05-27 12:55:02,544 INFO views 15152 1436 1
2023-05-27 12:55:02,551 INFO views 15152 1436 1
2023-05-27 12:55:02,557 INFO views 15152 1436 1
2023-05-27 12:55:02,566 INFO views 15152 1436 1
2023-05-27 12:55:02,573 INFO views 15152 1436 1
2023-05-27 12:55:02,580 INFO views 15152 1436 1
2023-05-27 12:55:02,585 INFO views 15152 1436 1
2023-05-27 12:55:02,591 INFO views 15152 1436 1
2023-05-27 12:55:02,597 INFO views 15152 1436 1
2023-05-27 12:55:02,604 INFO views 15152 1436 1
2023-05-27 12:55:02,611 INFO views 15152 1436 1
2023-05-27 12:55:02,617 INFO views 15152 1436 1
2023-05-27 12:55:02,624 INFO views 15152 1436 1
2023-05-27 12:55:02,631 INFO views 15152 1436 1
2023-05-27 12:55:02,637 INFO views 15152 1436 1
2023-05-27 12:55:02,643 INFO views 15152 1436 1
2023-05-27 12:55:02,650 INFO views 15152 1436 1
2023-05-27 12:55:02,656 INFO views 15152 1436 1
2023-05-27 12:55:02,663 INFO views 15152 1436 1
2023-05-27 12:55:02,669 INFO views 15152 1436 1
2023-05-27 12:55:02,675 INFO views 15152 1436 1
2023-05-27 12:55:02,681 INFO views 15152 1436 1
2023-05-27 12:55:02,689 INFO views 15152 1436 1
2023-05-27 12:55:02,696 INFO views 15152 1436 1
2023-05-27 12:55:02,703 INFO views 15152 1436 1
2023-05-27 12:55:02,710 INFO views 15152 1436 1
2023-05-27 12:55:02,717 INFO views 15152 1436 1
2023-05-27 12:55:02,723 INFO views 15152 1436 1
2023-05-27 12:55:02,729 INFO views 15152 1436 1
2023-05-27 12:55:02,735 INFO views 15152 1436 1
2023-05-27 12:55:02,741 INFO views 15152 1436 1
2023-05-27 12:55:02,748 INFO views 15152 1436 1
2023-05-27 12:55:02,753 INFO views 15152 1436 1
2023-05-27 12:55:02,759 INFO views 15152 1436 1
2023-05-27 12:55:02,766 INFO views 15152 1436 1
2023-05-27 12:55:02,772 INFO views 15152 1436 1
2023-05-27 12:55:02,779 INFO views 15152 1436 1
2023-05-27 12:55:02,786 INFO views 15152 1436 1
2023-05-27 12:55:02,792 INFO views 15152 1436 1
2023-05-27 12:55:02,798 INFO views 15152 1436 1
2023-05-27 12:55:02,805 INFO views 15152 1436 1
2023-05-27 12:55:02,812 INFO views 15152 1436 1
2023-05-27 12:55:02,819 INFO views 15152 1436 1
2023-05-27 12:55:02,826 INFO views 15152 1436 1
2023-05-27 12:55:02,832 INFO views 15152 1436 1
2023-05-27 12:55:02,838 INFO views 15152 1436 1
2023-05-27 12:55:02,845 INFO views 15152 1436 1
2023-05-27 12:55:02,852 INFO views 15152 1436 1
2023-05-27 12:55:02,859 INFO views 15152 1436 1
2023-05-27 12:55:02,865 INFO views 15152 1436 1
2023-05-27 12:55:02,871 INFO views 15152 1436 1
2023-05-27 12:55:02,878 INFO views 15152 1436 1
2023-05-27 12:55:02,885 INFO views 15152 1436 1
2023-05-27 12:55:02,891 INFO views 15152 1436 1
2023-05-27 12:55:02,897 INFO views 15152 1436 1
2023-05-27 12:55:02,903 INFO views 15152 1436 1
2023-05-27 12:55:02,910 INFO views 15152 1436 1
2023-05-27 12:55:02,918 INFO views 15152 1436 1
2023-05-27 12:55:02,925 INFO views 15152 1436 1
2023-05-27 12:55:02,932 INFO views 15152 1436 1
2023-05-27 12:55:02,939 INFO views 15152 1436 1
2023-05-27 12:55:02,946 INFO views 15152 1436 1
2023-05-27 12:55:02,954 INFO views 15152 1436 1
2023-05-27 12:55:02,964 INFO views 15152 1436 1
2023-05-27 12:55:02,976 INFO views 15152 1436 1
2023-05-27 12:55:02,985 INFO views 15152 1436 1
2023-05-27 12:55:02,993 INFO views 15152 1436 1
2023-05-27 12:55:03,001 INFO views 15152 1436 1
2023-05-27 12:55:03,007 INFO views 15152 1436 1
2023-05-27 12:55:03,014 INFO views 15152 1436 1
2023-05-27 12:55:03,022 INFO views 15152 1436 1
2023-05-27 12:55:03,029 INFO views 15152 1436 1
2023-05-27 12:55:03,034 INFO views 15152 1436 1
2023-05-27 12:55:03,041 INFO views 15152 1436 1
2023-05-27 12:55:03,049 INFO views 15152 1436 1
2023-05-27 12:55:03,056 INFO views 15152 1436 1
2023-05-27 12:55:03,063 INFO views 15152 1436 1
2023-05-27 12:55:03,071 INFO views 15152 1436 1
2023-05-27 12:55:03,080 INFO views 15152 1436 1
2023-05-27 12:55:03,088 INFO views 15152 1436 1
2023-05-27 12:55:03,100 INFO views 15152 1436 1
2023-05-27 12:55:03,107 INFO views 15152 1436 1
2023-05-27 12:55:03,113 INFO views 15152 1436 1
2023-05-27 12:55:03,122 INFO views 15152 1436 1
2023-05-27 12:55:03,128 INFO views 15152 1436 1
2023-05-27 12:55:03,134 INFO views 15152 1436 1
2023-05-27 12:55:03,139 INFO views 15152 1436 1
2023-05-27 12:55:03,145 INFO views 15152 1436 1
2023-05-27 12:55:03,152 INFO views 15152 1436 1
2023-05-27 12:55:03,158 INFO views 15152 1436 1
2023-05-27 12:55:03,163 INFO views 15152 1436 1
2023-05-27 12:55:03,169 INFO views 15152 1436 1
2023-05-27 12:55:03,174 INFO views 15152 1436 1
2023-05-27 12:55:03,179 INFO views 15152 1436 1
2023-05-27 12:55:03,184 INFO views 15152 1436 1
2023-05-27 12:55:03,189 INFO views 15152 1436 1
2023-05-27 12:55:03,194 INFO views 15152 1436 1
2023-05-27 12:55:03,200 INFO views 15152 1436 1
2023-05-27 12:55:03,206 INFO views 15152 1436 1
2023-05-27 12:55:03,212 INFO views 15152 1436 1
2023-05-27 12:55:03,218 INFO views 15152 1436 1
2023-05-27 12:55:03,225 INFO views 15152 1436 1
2023-05-27 12:55:03,231 INFO views 15152 1436 1
2023-05-27 12:55:03,237 INFO views 15152 1436 1
2023-05-27 12:55:03,243 INFO views 15152 1436 1
2023-05-27 12:55:03,250 INFO views 15152 1436 1
2023-05-27 12:55:03,257 INFO views 15152 1436 1
2023-05-27 12:55:03,264 INFO views 15152 1436 1
2023-05-27 12:55:03,270 INFO views 15152 1436 1
2023-05-27 12:55:03,277 INFO views 15152 1436 1
2023-05-27 12:55:03,285 INFO views 15152 1436 1
2023-05-27 12:55:03,293 INFO views 15152 1436 1
2023-05-27 12:55:03,301 INFO views 15152 1436 1
2023-05-27 12:55:03,309 INFO views 15152 1436 1
2023-05-27 12:55:03,315 INFO views 15152 1436 1
2023-05-27 12:55:03,322 INFO views 15152 1436 1
2023-05-27 12:55:03,328 INFO views 15152 1436 1
2023-05-27 12:55:03,335 INFO views 15152 1436 1
2023-05-27 12:55:03,342 INFO views 15152 1436 1
2023-05-27 12:55:03,348 INFO views 15152 1436 1
2023-05-27 12:55:03,355 INFO views 15152 1436 1
2023-05-27 12:55:03,360 INFO views 15152 1436 1
2023-05-27 12:55:03,368 INFO views 15152 1436 1
2023-05-27 12:55:03,375 INFO views 15152 1436 1
2023-05-27 12:55:03,381 INFO views 15152 1436 1
2023-05-27 12:55:03,387 INFO views 15152 1436 1
2023-05-27 12:55:03,393 INFO views 15152 1436 1
2023-05-27 12:55:03,400 INFO views 15152 1436 1
2023-05-27 12:55:03,407 INFO views 15152 1436 1
2023-05-27 12:55:03,413 INFO views 15152 1436 1
2023-05-27 12:55:03,419 INFO views 15152 1436 1
2023-05-27 12:55:03,425 INFO views 15152 1436 1
2023-05-27 12:55:03,431 INFO views 15152 1436 1
2023-05-27 12:55:03,437 INFO views 15152 1436 1
2023-05-27 12:55:03,443 INFO views 15152 1436 1
2023-05-27 12:55:03,449 INFO views 15152 1436 1
2023-05-27 12:55:03,455 INFO views 15152 1436 1
2023-05-27 12:55:03,462 INFO views 15152 1436 1
2023-05-27 12:55:03,468 INFO views 15152 1436 1
2023-05-27 12:55:03,474 INFO views 15152 1436 1
2023-05-27 12:55:03,480 INFO views 15152 1436 1
2023-05-27 12:55:03,486 INFO views 15152 1436 1
2023-05-27 12:55:03,497 INFO views 15152 1436 1
2023-05-27 12:55:03,504 INFO views 15152 1436 1
2023-05-27 12:55:03,510 INFO views 15152 1436 1
2023-05-27 12:55:03,517 INFO views 15152 1436 1
2023-05-27 12:55:03,523 INFO views 15152 1436 1
2023-05-27 12:55:03,529 INFO views 15152 1436 1
2023-05-27 12:55:03,535 INFO views 15152 1436 1
2023-05-27 12:55:03,541 INFO views 15152 1436 1
2023-05-27 12:55:03,548 INFO views 15152 1436 1
2023-05-27 12:55:03,554 INFO views 15152 1436 1
2023-05-27 12:55:03,560 INFO views 15152 1436 1
2023-05-27 12:55:03,573 INFO views 15152 1436 1
2023-05-27 12:55:03,580 INFO views 15152 1436 1
2023-05-27 12:55:03,586 INFO views 15152 1436 1
2023-05-27 12:55:03,592 INFO views 15152 1436 1
2023-05-27 12:55:03,598 INFO views 15152 1436 1
2023-05-27 12:55:03,604 INFO views 15152 1436 1
2023-05-27 12:55:03,611 INFO views 15152 1436 1
2023-05-27 12:55:03,623 INFO views 15152 1436 1
2023-05-27 12:55:03,630 INFO views 15152 1436 1
2023-05-27 12:55:03,636 INFO views 15152 1436 1
2023-05-27 12:55:03,643 INFO views 15152 1436 1
2023-05-27 12:55:03,650 INFO views 15152 1436 1
2023-05-27 12:55:03,658 INFO views 15152 1436 1
2023-05-27 12:55:03,664 INFO views 15152 1436 1
2023-05-27 12:55:03,671 INFO views 15152 1436 1
2023-05-27 12:55:03,678 INFO views 15152 1436 1
2023-05-27 12:55:03,685 INFO views 15152 1436 1
2023-05-27 12:55:03,692 INFO views 15152 1436 1
2023-05-27 12:55:03,699 INFO views 15152 1436 1
2023-05-27 12:55:03,706 INFO views 15152 1436 1
2023-05-27 12:55:03,712 INFO views 15152 1436 1
2023-05-27 12:55:03,719 INFO views 15152 1436 1
2023-05-27 12:55:03,726 INFO views 15152 1436 1
2023-05-27 12:55:03,732 INFO views 15152 1436 1
2023-05-27 12:55:03,738 INFO views 15152 1436 1
2023-05-27 12:55:03,745 INFO views 15152 1436 1
2023-05-27 12:55:03,751 INFO views 15152 1436 1
2023-05-27 12:55:03,758 INFO views 15152 1436 1
2023-05-27 12:55:03,770 INFO views 15152 1436 1
2023-05-27 12:55:03,776 INFO views 15152 1436 1
2023-05-27 12:55:03,782 INFO views 15152 1436 1
2023-05-27 12:55:03,789 INFO views 15152 1436 1
2023-05-27 12:55:03,796 INFO views 15152 1436 1
2023-05-27 12:55:03,802 INFO views 15152 1436 1
2023-05-27 12:55:03,808 INFO views 15152 1436 1
2023-05-27 12:55:03,816 INFO views 15152 1436 1
2023-05-27 12:55:03,824 INFO views 15152 1436 1
2023-05-27 12:55:03,831 INFO views 15152 1436 1
2023-05-27 12:55:03,837 INFO views 15152 1436 1
2023-05-27 12:55:03,843 INFO views 15152 1436 1
2023-05-27 12:55:03,850 INFO views 15152 1436 1
2023-05-27 12:55:03,856 INFO views 15152 1436 1
2023-05-27 12:55:03,862 INFO views 15152 1436 1
2023-05-27 12:55:04,053 INFO views 15152 1436 1
2023-05-27 12:55:04,060 INFO views 15152 1436 1
2023-05-27 12:55:04,067 INFO views 15152 1436 1
2023-05-27 12:55:04,074 INFO views 15152 1436 1
2023-05-27 12:55:04,082 INFO views 15152 1436 1
2023-05-27 12:55:04,089 INFO views 15152 1436 1
2023-05-27 12:55:04,094 INFO views 15152 1436 1
2023-05-27 12:55:04,100 INFO views 15152 1436 1
2023-05-27 12:55:04,107 INFO views 15152 1436 1
2023-05-27 12:55:04,113 INFO views 15152 1436 1
2023-05-27 12:55:04,119 INFO views 15152 1436 1
2023-05-27 12:55:04,126 INFO views 15152 1436 1
2023-05-27 12:55:04,133 INFO views 15152 1436 1
2023-05-27 12:55:04,139 INFO views 15152 1436 1
2023-05-27 12:55:04,146 INFO views 15152 1436 1
2023-05-27 12:55:04,153 INFO views 15152 1436 1
2023-05-27 12:55:04,161 INFO views 15152 1436 1
2023-05-27 12:55:04,168 INFO views 15152 1436 1
2023-05-27 12:55:04,175 INFO views 15152 1436 1
2023-05-27 12:55:04,182 INFO views 15152 1436 1
2023-05-27 12:55:04,190 INFO views 15152 1436 1
2023-05-27 12:55:04,200 INFO views 15152 1436 1
2023-05-27 12:55:04,206 INFO views 15152 1436 1
2023-05-27 12:55:04,212 INFO views 15152 1436 1
2023-05-27 12:55:04,219 INFO views 15152 1436 1
2023-05-27 12:55:04,225 INFO views 15152 1436 1
2023-05-27 12:55:04,231 INFO views 15152 1436 1
2023-05-27 12:55:04,236 INFO views 15152 1436 1
2023-05-27 12:55:04,243 INFO views 15152 1436 1
2023-05-27 12:55:04,249 INFO views 15152 1436 1
2023-05-27 12:55:04,255 INFO views 15152 1436 1
2023-05-27 12:55:04,261 INFO views 15152 1436 1
2023-05-27 12:55:04,271 INFO views 15152 1436 1
2023-05-27 12:55:04,279 INFO views 15152 1436 1
2023-05-27 12:55:04,288 INFO views 15152 1436 1
2023-05-27 12:55:04,295 INFO views 15152 1436 1
2023-05-27 12:55:04,302 INFO views 15152 1436 1
2023-05-27 12:55:04,311 INFO views 15152 1436 1
2023-05-27 12:55:04,317 INFO views 15152 1436 1
2023-05-27 12:55:04,323 INFO views 15152 1436 1
2023-05-27 12:55:04,330 INFO views 15152 1436 1
2023-05-27 12:55:04,336 INFO views 15152 1436 1
2023-05-27 12:55:04,343 INFO views 15152 1436 1
2023-05-27 12:55:04,350 INFO views 15152 1436 1
2023-05-27 12:55:04,356 INFO views 15152 1436 1
2023-05-27 12:55:04,363 INFO views 15152 1436 1
2023-05-27 12:55:04,369 INFO views 15152 1436 1
2023-05-27 12:55:04,375 INFO views 15152 1436 1
2023-05-27 12:55:04,382 INFO views 15152 1436 1
2023-05-27 12:55:04,389 INFO views 15152 1436 1
2023-05-27 12:55:04,395 INFO views 15152 1436 1
2023-05-27 12:55:04,401 INFO views 15152 1436 1
2023-05-27 12:55:04,408 INFO views 15152 1436 1
2023-05-27 12:55:04,414 INFO views 15152 1436 1
2023-05-27 12:55:04,421 INFO views 15152 1436 1
2023-05-27 12:55:04,427 INFO views 15152 1436 1
2023-05-27 12:55:04,434 INFO views 15152 1436 1
2023-05-27 12:55:04,441 INFO views 15152 1436 1
2023-05-27 12:55:04,447 INFO views 15152 1436 1
2023-05-27 12:55:04,451 INFO views 15152 1436 1
2023-05-27 12:55:04,457 INFO views 15152 1436 1
2023-05-27 12:55:04,463 INFO views 15152 1436 1
2023-05-27 12:55:04,471 INFO views 15152 1436 1
2023-05-27 12:55:04,477 INFO views 15152 1436 1
2023-05-27 12:55:04,484 INFO views 15152 1436 1
2023-05-27 12:55:04,491 INFO views 15152 1436 1
2023-05-27 12:55:04,499 INFO views 15152 1436 1
2023-05-27 12:55:04,509 INFO views 15152 1436 1
2023-05-27 12:55:04,519 INFO views 15152 1436 1
2023-05-27 12:55:04,526 INFO views 15152 1436 1
2023-05-27 12:55:04,532 INFO views 15152 1436 1
2023-05-27 12:55:04,539 INFO views 15152 1436 1
2023-05-27 12:55:04,546 INFO views 15152 1436 1
2023-05-27 12:55:04,552 INFO views 15152 1436 1
2023-05-27 12:55:04,559 INFO views 15152 1436 1
2023-05-27 12:55:04,566 INFO views 15152 1436 1
2023-05-27 12:55:04,573 INFO views 15152 1436 1
2023-05-27 12:55:04,582 INFO views 15152 1436 1
2023-05-27 12:55:04,589 INFO views 15152 1436 1
2023-05-27 12:55:04,595 INFO views 15152 1436 1
2023-05-27 12:55:04,602 INFO views 15152 1436 1
2023-05-27 12:55:04,608 INFO views 15152 1436 1
2023-05-27 12:55:04,615 INFO views 15152 1436 1
2023-05-27 12:55:04,622 INFO views 15152 1436 1
2023-05-27 12:55:04,628 INFO views 15152 1436 1
2023-05-27 12:55:04,635 INFO views 15152 1436 1
2023-05-27 12:55:04,641 INFO views 15152 1436 1
2023-05-27 12:55:04,647 INFO views 15152 1436 1
2023-05-27 12:55:04,654 INFO views 15152 1436 1
2023-05-27 12:55:04,660 INFO views 15152 1436 1
2023-05-27 12:55:04,668 INFO views 15152 1436 1
2023-05-27 12:55:04,675 INFO views 15152 1436 1
2023-05-27 12:55:04,681 INFO views 15152 1436 1
2023-05-27 12:55:04,688 INFO views 15152 1436 1
2023-05-27 12:55:04,695 INFO views 15152 1436 1
2023-05-27 12:55:04,701 INFO views 15152 1436 1
2023-05-27 12:55:04,714 INFO views 15152 1436 1
2023-05-27 12:55:04,720 INFO views 15152 1436 1
2023-05-27 12:55:04,727 INFO views 15152 1436 1
2023-05-27 12:55:04,735 INFO views 15152 1436 1
2023-05-27 12:55:04,741 INFO views 15152 1436 1
2023-05-27 12:55:04,748 INFO views 15152 1436 1
2023-05-27 12:55:04,755 INFO views 15152 1436 1
2023-05-27 12:55:04,763 INFO views 15152 1436 1
2023-05-27 12:55:04,769 INFO views 15152 1436 1
2023-05-27 12:55:04,775 INFO views 15152 1436 1
2023-05-27 12:55:04,782 INFO views 15152 1436 1
2023-05-27 12:55:04,788 INFO views 15152 1436 1
2023-05-27 12:55:04,794 INFO views 15152 1436 1
2023-05-27 12:55:04,801 INFO views 15152 1436 1
2023-05-27 12:55:04,807 INFO views 15152 1436 1
2023-05-27 12:55:04,813 INFO views 15152 1436 1
2023-05-27 12:55:04,820 INFO views 15152 1436 1
2023-05-27 12:55:04,826 INFO views 15152 1436 1
2023-05-27 12:55:04,834 INFO views 15152 1436 1
2023-05-27 12:55:04,840 INFO views 15152 1436 1
2023-05-27 12:55:04,846 INFO views 15152 1436 1
2023-05-27 12:55:04,853 INFO views 15152 1436 1
2023-05-27 12:55:04,859 INFO views 15152 1436 1
2023-05-27 12:55:04,867 INFO views 15152 1436 1
2023-05-27 12:55:04,873 INFO views 15152 1436 1
2023-05-27 12:55:04,880 INFO views 15152 1436 1
2023-05-27 12:55:04,887 INFO views 15152 1436 1
2023-05-27 12:55:04,894 INFO views 15152 1436 1
2023-05-27 12:55:04,901 INFO views 15152 1436 1
2023-05-27 12:55:04,909 INFO views 15152 1436 1
2023-05-27 12:55:04,917 INFO views 15152 1436 1
2023-05-27 12:55:04,925 INFO views 15152 1436 1
2023-05-27 12:55:04,932 INFO views 15152 1436 1
2023-05-27 12:55:04,939 INFO views 15152 1436 1
2023-05-27 12:55:04,946 INFO views 15152 1436 1
2023-05-27 12:55:04,952 INFO views 15152 1436 1
2023-05-27 12:55:04,958 INFO views 15152 1436 1
2023-05-27 12:55:04,967 INFO views 15152 1436 1
2023-05-27 12:55:04,974 INFO views 15152 1436 1
2023-05-27 12:55:04,982 INFO views 15152 1436 1
2023-05-27 12:55:04,989 INFO views 15152 1436 1
2023-05-27 12:55:04,995 INFO views 15152 1436 1
2023-05-27 12:55:05,002 INFO views 15152 1436 1
2023-05-27 12:55:05,009 INFO views 15152 1436 1
2023-05-27 12:55:05,016 INFO views 15152 1436 1
2023-05-27 12:55:05,022 INFO views 15152 1436 1
2023-05-27 12:55:05,028 INFO views 15152 1436 1
2023-05-27 12:55:05,034 INFO views 15152 1436 1
2023-05-27 12:55:05,042 INFO views 15152 1436 1
2023-05-27 12:55:05,049 INFO views 15152 1436 1
2023-05-27 12:55:05,056 INFO views 15152 1436 1
2023-05-27 12:55:05,062 INFO views 15152 1436 1
2023-05-27 12:55:05,068 INFO views 15152 1436 1
2023-05-27 12:55:05,074 INFO views 15152 1436 1
2023-05-27 12:55:05,081 INFO views 15152 1436 1
2023-05-27 12:55:05,086 INFO views 15152 1436 1
2023-05-27 12:55:05,092 INFO views 15152 1436 1
2023-05-27 12:55:05,098 INFO views 15152 1436 1
2023-05-27 12:55:05,104 INFO views 15152 1436 1
2023-05-27 12:55:05,110 INFO views 15152 1436 1
2023-05-27 12:55:05,117 INFO views 15152 1436 1
2023-05-27 12:55:05,123 INFO views 15152 1436 1
2023-05-27 12:55:05,132 INFO views 15152 1436 1
2023-05-27 12:55:05,142 INFO views 15152 1436 1
2023-05-27 12:55:05,149 INFO views 15152 1436 1
2023-05-27 12:55:05,157 INFO views 15152 1436 1
2023-05-27 12:55:05,165 INFO views 15152 1436 1
2023-05-27 12:55:05,171 INFO views 15152 1436 1
2023-05-27 12:55:05,178 INFO views 15152 1436 1
2023-05-27 12:55:05,185 INFO views 15152 1436 1
2023-05-27 12:55:05,191 INFO views 15152 1436 1
2023-05-27 12:55:05,197 INFO views 15152 1436 1
2023-05-27 12:55:05,203 INFO views 15152 1436 1
2023-05-27 12:55:05,209 INFO views 15152 1436 1
2023-05-27 12:55:05,216 INFO views 15152 1436 1
2023-05-27 12:55:05,223 INFO views 15152 1436 1
2023-05-27 12:55:05,230 INFO views 15152 1436 1
2023-05-27 12:55:05,236 INFO views 15152 1436 1
2023-05-27 12:55:05,242 INFO views 15152 1436 1
2023-05-27 12:55:05,249 INFO views 15152 1436 1
2023-05-27 12:55:05,255 INFO views 15152 1436 1
2023-05-27 12:55:05,261 INFO views 15152 1436 1
2023-05-27 12:55:05,267 INFO views 15152 1436 1
2023-05-27 12:55:05,281 INFO views 15152 1436 1
2023-05-27 12:55:05,290 INFO views 15152 1436 1
2023-05-27 12:55:05,298 INFO views 15152 1436 1
2023-05-27 12:55:05,305 INFO views 15152 1436 1
2023-05-27 12:55:05,312 INFO views 15152 1436 1
2023-05-27 12:55:05,319 INFO views 15152 1436 1
2023-05-27 12:55:05,326 INFO views 15152 1436 1
2023-05-27 12:55:05,333 INFO views 15152 1436 1
2023-05-27 12:55:05,340 INFO views 15152 1436 1
2023-05-27 12:55:05,346 INFO views 15152 1436 1
2023-05-27 12:55:05,352 INFO views 15152 1436 1
2023-05-27 12:55:05,361 INFO views 15152 1436 1
2023-05-27 12:55:05,367 INFO views 15152 1436 1
2023-05-27 12:55:05,373 INFO views 15152 1436 1
2023-05-27 12:55:05,380 INFO views 15152 1436 1
2023-05-27 12:55:05,386 INFO views 15152 1436 1
2023-05-27 12:55:05,392 INFO views 15152 1436 1
2023-05-27 12:55:05,398 INFO views 15152 1436 1
2023-05-27 12:55:05,404 INFO views 15152 1436 1
2023-05-27 12:55:05,410 INFO views 15152 1436 1
2023-05-27 12:55:05,417 INFO views 15152 1436 1
2023-05-27 12:55:05,423 INFO views 15152 1436 1
2023-05-27 12:55:05,429 INFO views 15152 1436 1
2023-05-27 12:55:05,436 INFO views 15152 1436 1
2023-05-27 12:55:05,443 INFO views 15152 1436 1
2023-05-27 12:55:05,450 INFO views 15152 1436 1
2023-05-27 12:55:05,455 INFO views 15152 1436 1
2023-05-27 12:55:05,461 INFO views 15152 1436 1
2023-05-27 12:55:05,467 INFO views 15152 1436 1
2023-05-27 12:55:05,472 INFO views 15152 1436 1
2023-05-27 12:55:05,478 INFO views 15152 1436 1
2023-05-27 12:55:05,483 INFO views 15152 1436 1
2023-05-27 12:55:05,490 INFO views 15152 1436 1
2023-05-27 12:55:05,497 INFO views 15152 1436 1
2023-05-27 12:55:05,504 INFO views 15152 1436 1
2023-05-27 12:55:05,511 INFO views 15152 1436 1
2023-05-27 12:55:05,517 INFO views 15152 1436 1
2023-05-27 12:55:05,523 INFO views 15152 1436 1
2023-05-27 12:55:05,529 INFO views 15152 1436 1
2023-05-27 12:55:05,536 INFO views 15152 1436 1
2023-05-27 12:55:05,542 INFO views 15152 1436 1
2023-05-27 12:55:05,549 INFO views 15152 1436 1
2023-05-27 12:55:05,556 INFO views 15152 1436 1
2023-05-27 12:55:05,562 INFO views 15152 1436 1
2023-05-27 12:55:05,568 INFO views 15152 1436 1
2023-05-27 12:55:05,574 INFO views 15152 1436 1
2023-05-27 12:55:05,584 INFO views 15152 1436 1
2023-05-27 12:55:05,591 INFO views 15152 1436 1
2023-05-27 12:55:05,598 INFO views 15152 1436 1
2023-05-27 12:55:05,604 INFO views 15152 1436 1
2023-05-27 12:55:05,614 INFO views 15152 1436 1
2023-05-27 12:55:05,620 INFO views 15152 1436 1
2023-05-27 12:55:05,626 INFO views 15152 1436 1
2023-05-27 12:55:05,633 INFO views 15152 1436 1
2023-05-27 12:55:05,640 INFO views 15152 1436 1
2023-05-27 12:55:05,645 INFO views 15152 1436 1
2023-05-27 12:55:05,652 INFO views 15152 1436 1
2023-05-27 12:55:05,658 INFO views 15152 1436 1
2023-05-27 12:55:05,665 INFO views 15152 1436 1
2023-05-27 12:55:05,672 INFO views 15152 1436 1
2023-05-27 12:55:05,677 INFO views 15152 1436 1
2023-05-27 12:55:05,685 INFO views 15152 1436 1
2023-05-27 12:55:05,693 INFO views 15152 1436 1
2023-05-27 12:55:05,699 INFO views 15152 1436 1
2023-05-27 12:55:05,706 INFO views 15152 1436 1
2023-05-27 12:55:05,713 INFO views 15152 1436 1
2023-05-27 12:55:05,720 INFO views 15152 1436 1
2023-05-27 12:55:05,729 INFO views 15152 1436 1
2023-05-27 12:55:05,741 INFO views 15152 1436 1
2023-05-27 12:55:05,749 INFO views 15152 1436 1
2023-05-27 12:55:05,755 INFO views 15152 1436 1
2023-05-27 12:55:05,762 INFO views 15152 1436 1
2023-05-27 12:55:05,768 INFO views 15152 1436 1
2023-05-27 12:55:05,775 INFO views 15152 1436 1
2023-05-27 12:55:05,783 INFO views 15152 1436 1
2023-05-27 12:55:05,789 INFO views 15152 1436 1
2023-05-27 12:55:05,795 INFO views 15152 1436 1
2023-05-27 12:55:05,802 INFO views 15152 1436 1
2023-05-27 12:55:05,808 INFO views 15152 1436 1
2023-05-27 12:55:05,814 INFO views 15152 1436 1
2023-05-27 12:55:05,820 INFO views 15152 1436 1
2023-05-27 12:55:05,828 INFO views 15152 1436 1
2023-05-27 12:55:05,835 INFO views 15152 1436 1
2023-05-27 12:55:05,841 INFO views 15152 1436 1
2023-05-27 12:55:05,847 INFO views 15152 1436 1
2023-05-27 12:55:05,854 INFO views 15152 1436 1
2023-05-27 12:55:05,860 INFO views 15152 1436 1
2023-05-27 12:55:05,867 INFO views 15152 1436 1
2023-05-27 12:55:05,873 INFO views 15152 1436 1
2023-05-27 12:55:05,879 INFO views 15152 1436 1
2023-05-27 12:55:05,886 INFO views 15152 1436 1
2023-05-27 12:55:05,892 INFO views 15152 1436 1
2023-05-27 12:55:05,899 INFO views 15152 1436 1
2023-05-27 12:55:05,905 INFO views 15152 1436 1
2023-05-27 12:55:05,911 INFO views 15152 1436 1
2023-05-27 12:55:05,918 INFO views 15152 1436 1
2023-05-27 12:55:05,924 INFO views 15152 1436 1
2023-05-27 12:55:05,930 INFO views 15152 1436 1
2023-05-27 12:55:05,936 INFO views 15152 1436 1
2023-05-27 12:55:05,942 INFO views 15152 1436 1
2023-05-27 12:55:05,949 INFO views 15152 1436 1
2023-05-27 12:55:05,956 INFO views 15152 1436 1
2023-05-27 12:55:05,963 INFO views 15152 1436 1
2023-05-27 12:55:05,970 INFO views 15152 1436 1
2023-05-27 12:55:05,976 INFO views 15152 1436 1
2023-05-27 12:55:05,983 INFO views 15152 1436 1
2023-05-27 12:55:05,989 INFO views 15152 1436 1
2023-05-27 12:55:05,996 INFO views 15152 1436 1
2023-05-27 12:55:06,002 INFO views 15152 1436 1
2023-05-27 12:55:06,008 INFO views 15152 1436 1
2023-05-27 12:55:06,015 INFO views 15152 1436 1
2023-05-27 12:55:06,021 INFO views 15152 1436 1
2023-05-27 12:55:06,028 INFO views 15152 1436 1
2023-05-27 12:55:06,034 INFO views 15152 1436 1
2023-05-27 12:55:06,041 INFO views 15152 1436 1
2023-05-27 12:55:06,047 INFO views 15152 1436 1
2023-05-27 12:55:06,054 INFO views 15152 1436 1
2023-05-27 12:55:06,060 INFO views 15152 1436 1
2023-05-27 12:55:06,067 INFO views 15152 1436 1
2023-05-27 12:55:06,073 INFO views 15152 1436 1
2023-05-27 12:55:06,080 INFO views 15152 1436 1
2023-05-27 12:55:06,086 INFO views 15152 1436 1
2023-05-27 12:55:06,093 INFO views 15152 1436 1
2023-05-27 12:55:06,099 INFO views 15152 1436 1
2023-05-27 12:55:06,106 INFO views 15152 1436 1
2023-05-27 12:55:06,113 INFO views 15152 1436 1
2023-05-27 12:55:06,120 INFO views 15152 1436 1
2023-05-27 12:55:06,127 INFO views 15152 1436 1
2023-05-27 12:55:06,135 INFO views 15152 1436 1
2023-05-27 12:55:06,142 INFO views 15152 1436 1
2023-05-27 12:55:06,151 INFO views 15152 1436 1
2023-05-27 12:55:06,158 INFO views 15152 1436 1
2023-05-27 12:55:06,165 INFO views 15152 1436 1
2023-05-27 12:55:06,177 INFO views 15152 1436 1
2023-05-27 12:55:06,184 INFO views 15152 1436 1
2023-05-27 12:55:06,191 INFO views 15152 1436 1
2023-05-27 12:55:06,198 INFO views 15152 1436 1
2023-05-27 12:55:06,205 INFO views 15152 1436 1
2023-05-27 12:55:06,211 INFO views 15152 1436 1
2023-05-27 12:55:06,217 INFO views 15152 1436 1
2023-05-27 12:55:06,224 INFO views 15152 1436 1
2023-05-27 12:55:06,232 INFO views 15152 1436 1
2023-05-27 12:55:06,238 INFO views 15152 1436 1
2023-05-27 12:55:06,245 INFO views 15152 1436 1
2023-05-27 12:55:06,251 INFO views 15152 1436 1
2023-05-27 12:55:06,257 INFO views 15152 1436 1
2023-05-27 12:55:06,263 INFO views 15152 1436 1
2023-05-27 12:55:06,270 INFO views 15152 1436 1
2023-05-27 12:55:06,277 INFO views 15152 1436 1
2023-05-27 12:55:06,286 INFO views 15152 1436 1
2023-05-27 12:55:06,294 INFO views 15152 1436 1
2023-05-27 12:55:06,301 INFO views 15152 1436 1
2023-05-27 12:55:06,308 INFO views 15152 1436 1
2023-05-27 12:55:06,316 INFO views 15152 1436 1
2023-05-27 12:55:06,323 INFO views 15152 1436 1
2023-05-27 12:55:06,330 INFO views 15152 1436 1
2023-05-27 12:55:06,336 INFO views 15152 1436 1
2023-05-27 12:55:06,343 INFO views 15152 1436 1
2023-05-27 12:55:06,350 INFO views 15152 1436 1
2023-05-27 12:55:06,356 INFO views 15152 1436 1
2023-05-27 12:55:06,362 INFO views 15152 1436 1
2023-05-27 12:55:06,369 INFO views 15152 1436 1
2023-05-27 12:55:06,375 INFO views 15152 1436 1
2023-05-27 12:55:06,383 INFO views 15152 1436 1
2023-05-27 12:55:06,389 INFO views 15152 1436 1
2023-05-27 12:55:06,395 INFO views 15152 1436 1
2023-05-27 12:55:06,404 INFO views 15152 1436 1
2023-05-27 12:55:06,414 INFO views 15152 1436 1
2023-05-27 12:55:06,420 INFO views 15152 1436 1
2023-05-27 12:55:06,426 INFO views 15152 1436 1
2023-05-27 12:55:06,432 INFO views 15152 1436 1
2023-05-27 12:55:06,438 INFO views 15152 1436 1
2023-05-27 12:55:06,444 INFO views 15152 1436 1
2023-05-27 12:55:06,451 INFO views 15152 1436 1
2023-05-27 12:55:06,457 INFO views 15152 1436 1
2023-05-27 12:55:06,463 INFO views 15152 1436 1
2023-05-27 12:55:06,470 INFO views 15152 1436 1
2023-05-27 12:55:06,477 INFO views 15152 1436 1
2023-05-27 12:55:06,483 INFO views 15152 1436 1
2023-05-27 12:55:06,489 INFO views 15152 1436 1
2023-05-27 12:55:06,497 INFO views 15152 1436 1
2023-05-27 12:55:06,504 INFO views 15152 1436 1
2023-05-27 12:55:06,512 INFO views 15152 1436 1
2023-05-27 12:55:06,518 INFO views 15152 1436 1
2023-05-27 12:55:06,525 INFO views 15152 1436 1
2023-05-27 12:55:06,533 INFO views 15152 1436 1
2023-05-27 12:55:06,540 INFO views 15152 1436 1
2023-05-27 12:55:06,546 INFO views 15152 1436 1
2023-05-27 12:55:06,552 INFO views 15152 1436 1
2023-05-27 12:55:06,558 INFO views 15152 1436 1
2023-05-27 12:55:06,580 INFO views 15152 1436 1
2023-05-27 12:55:06,587 INFO views 15152 1436 1
2023-05-27 12:55:06,594 INFO views 15152 1436 1
2023-05-27 12:55:06,602 INFO views 15152 1436 1
2023-05-27 12:55:06,607 INFO views 15152 1436 1
2023-05-27 12:55:06,614 INFO views 15152 1436 1
2023-05-27 12:55:06,621 INFO views 15152 1436 1
2023-05-27 12:55:06,628 INFO views 15152 1436 1
2023-05-27 12:55:06,635 INFO views 15152 1436 1
2023-05-27 12:55:06,642 INFO views 15152 1436 1
2023-05-27 12:55:06,650 INFO views 15152 1436 1
2023-05-27 12:55:06,656 INFO views 15152 1436 1
2023-05-27 12:55:06,662 INFO views 15152 1436 1
2023-05-27 12:55:06,669 INFO views 15152 1436 1
2023-05-27 12:55:06,676 INFO views 15152 1436 1
2023-05-27 12:55:06,683 INFO views 15152 1436 1
2023-05-27 12:55:06,692 INFO views 15152 1436 1
2023-05-27 12:55:06,700 INFO views 15152 1436 1
2023-05-27 12:55:06,706 INFO views 15152 1436 1
2023-05-27 12:55:06,713 INFO views 15152 1436 1
2023-05-27 12:55:06,720 INFO views 15152 1436 1
2023-05-27 12:55:06,726 INFO views 15152 1436 1
2023-05-27 12:55:06,733 INFO views 15152 1436 1
2023-05-27 12:55:06,740 INFO views 15152 1436 1
2023-05-27 12:55:06,747 INFO views 15152 1436 1
2023-05-27 12:55:06,753 INFO views 15152 1436 1
2023-05-27 12:55:06,759 INFO views 15152 1436 1
2023-05-27 12:55:06,766 INFO views 15152 1436 1
2023-05-27 12:55:06,772 INFO views 15152 1436 1
2023-05-27 12:55:06,779 INFO views 15152 1436 1
2023-05-27 12:55:06,786 INFO views 15152 1436 1
2023-05-27 12:55:06,793 INFO views 15152 1436 1
2023-05-27 12:55:06,800 INFO views 15152 1436 1
2023-05-27 12:55:06,806 INFO views 15152 1436 1
2023-05-27 12:55:06,812 INFO views 15152 1436 1
2023-05-27 12:55:06,817 INFO views 15152 1436 1
2023-05-27 12:55:06,824 INFO views 15152 1436 1
2023-05-27 12:55:06,832 INFO views 15152 1436 1
2023-05-27 12:55:06,838 INFO views 15152 1436 1
2023-05-27 12:55:06,845 INFO views 15152 1436 1
2023-05-27 12:55:06,852 INFO views 15152 1436 1
2023-05-27 12:55:06,858 INFO views 15152 1436 1
2023-05-27 12:55:06,864 INFO views 15152 1436 1
2023-05-27 12:55:06,871 INFO views 15152 1436 1
2023-05-27 12:55:06,878 INFO views 15152 1436 1
2023-05-27 12:55:06,884 INFO views 15152 1436 1
2023-05-27 12:55:06,891 INFO views 15152 1436 1
2023-05-27 12:55:06,899 INFO views 15152 1436 1
2023-05-27 12:55:06,905 INFO views 15152 1436 1
2023-05-27 12:55:06,911 INFO views 15152 1436 1
2023-05-27 12:55:06,917 INFO views 15152 1436 1
2023-05-27 12:55:06,923 INFO views 15152 1436 1
2023-05-27 12:55:06,930 INFO views 15152 1436 1
2023-05-27 12:55:06,936 INFO views 15152 1436 1
2023-05-27 12:55:06,943 INFO views 15152 1436 1
2023-05-27 12:55:06,950 INFO views 15152 1436 1
2023-05-27 12:55:06,956 INFO views 15152 1436 1
2023-05-27 12:55:06,965 INFO views 15152 1436 1
2023-05-27 12:55:06,972 INFO views 15152 1436 1
2023-05-27 12:55:06,978 INFO views 15152 1436 1
2023-05-27 12:55:06,985 INFO views 15152 1436 1
2023-05-27 12:55:06,993 INFO views 15152 1436 1
2023-05-27 12:55:07,000 INFO views 15152 1436 1
2023-05-27 12:55:07,007 INFO views 15152 1436 1
2023-05-27 12:55:07,017 INFO views 15152 1436 1
2023-05-27 12:55:07,025 INFO views 15152 1436 1
2023-05-27 12:55:07,031 INFO views 15152 1436 1
2023-05-27 12:55:07,038 INFO views 15152 1436 1
2023-05-27 12:55:07,045 INFO views 15152 1436 1
2023-05-27 12:55:07,055 INFO views 15152 1436 1
2023-05-27 12:55:07,064 INFO views 15152 1436 1
2023-05-27 12:55:07,071 INFO views 15152 1436 1
2023-05-27 12:55:07,078 INFO views 15152 1436 1
2023-05-27 12:55:07,085 INFO views 15152 1436 1
2023-05-27 12:55:07,091 INFO views 15152 1436 1
2023-05-27 12:55:07,098 INFO views 15152 1436 1
2023-05-27 12:55:07,103 INFO views 15152 1436 1
2023-05-27 12:55:07,109 INFO views 15152 1436 1
2023-05-27 12:55:07,116 INFO views 15152 1436 1
2023-05-27 12:55:07,122 INFO views 15152 1436 1
2023-05-27 12:55:07,129 INFO views 15152 1436 1
2023-05-27 12:55:07,136 INFO views 15152 1436 1
2023-05-27 12:55:07,142 INFO views 15152 1436 1
2023-05-27 12:55:07,147 INFO views 15152 1436 1
2023-05-27 12:55:07,154 INFO views 15152 1436 1
2023-05-27 12:55:07,160 INFO views 15152 1436 1
2023-05-27 12:55:07,168 INFO views 15152 1436 1
2023-05-27 12:55:07,175 INFO views 15152 1436 1
2023-05-27 12:55:07,181 INFO views 15152 1436 1
2023-05-27 12:55:07,188 INFO views 15152 1436 1
2023-05-27 12:55:07,194 INFO views 15152 1436 1
2023-05-27 12:55:07,200 INFO views 15152 1436 1
2023-05-27 12:55:07,206 INFO views 15152 1436 1
2023-05-27 12:55:07,212 INFO views 15152 1436 1
2023-05-27 12:55:07,218 INFO views 15152 1436 1
2023-05-27 12:55:07,225 INFO views 15152 1436 1
2023-05-27 12:55:07,232 INFO views 15152 1436 1
2023-05-27 12:55:07,238 INFO views 15152 1436 1
2023-05-27 12:55:07,244 INFO views 15152 1436 1
2023-05-27 12:55:07,251 INFO views 15152 1436 1
2023-05-27 12:55:07,258 INFO views 15152 1436 1
2023-05-27 12:55:07,264 INFO views 15152 1436 1
2023-05-27 12:55:07,271 INFO views 15152 1436 1
2023-05-27 12:55:07,278 INFO views 15152 1436 1
2023-05-27 12:55:07,288 INFO views 15152 1436 1
2023-05-27 12:55:07,295 INFO views 15152 1436 1
2023-05-27 12:55:07,303 INFO views 15152 1436 1
2023-05-27 12:55:07,309 INFO views 15152 1436 1
2023-05-27 12:55:07,316 INFO views 15152 1436 1
2023-05-27 12:55:07,322 INFO views 15152 1436 1
2023-05-27 12:55:07,329 INFO views 15152 1436 1
2023-05-27 12:55:07,336 INFO views 15152 1436 1
2023-05-27 12:55:07,343 INFO views 15152 1436 1
2023-05-27 12:55:07,351 INFO views 15152 1436 1
2023-05-27 12:55:07,358 INFO views 15152 1436 1
2023-05-27 12:55:07,364 INFO views 15152 1436 1
2023-05-27 12:55:07,371 INFO views 15152 1436 1
2023-05-27 12:55:07,378 INFO views 15152 1436 1
2023-05-27 12:55:07,385 INFO views 15152 1436 1
2023-05-27 12:55:07,393 INFO views 15152 1436 1
2023-05-27 12:55:07,400 INFO views 15152 1436 1
2023-05-27 12:55:07,408 INFO views 15152 1436 1
2023-05-27 12:55:07,415 INFO views 15152 1436 1
2023-05-27 12:55:07,421 INFO views 15152 1436 1
2023-05-27 12:55:07,427 INFO views 15152 1436 1
2023-05-27 12:55:07,433 INFO views 15152 1436 1
2023-05-27 12:55:07,439 INFO views 15152 1436 1
2023-05-27 12:55:07,445 INFO views 15152 1436 1
2023-05-27 12:55:07,451 INFO views 15152 1436 1
2023-05-27 12:55:07,457 INFO views 15152 1436 1
2023-05-27 12:55:07,463 INFO views 15152 1436 1
2023-05-27 12:55:07,469 INFO views 15152 1436 1
2023-05-27 12:55:07,475 INFO views 15152 1436 1
2023-05-27 12:55:07,481 INFO views 15152 1436 1
2023-05-27 12:55:07,487 INFO views 15152 1436 1
2023-05-27 12:55:07,495 INFO views 15152 1436 1
2023-05-27 12:55:07,502 INFO views 15152 1436 1
2023-05-27 12:55:07,508 INFO views 15152 1436 1
2023-05-27 12:55:07,515 INFO views 15152 1436 1
2023-05-27 12:55:07,521 INFO views 15152 1436 1
2023-05-27 12:55:07,528 INFO views 15152 1436 1
2023-05-27 12:55:07,534 INFO views 15152 1436 1
2023-05-27 12:55:07,540 INFO views 15152 1436 1
2023-05-27 12:55:07,547 INFO views 15152 1436 1
2023-05-27 12:55:07,554 INFO views 15152 1436 1
2023-05-27 12:55:07,560 INFO views 15152 1436 1
2023-05-27 12:55:07,566 INFO views 15152 1436 1
2023-05-27 12:55:07,573 INFO views 15152 1436 1
2023-05-27 12:55:07,580 INFO views 15152 1436 1
2023-05-27 12:55:07,586 INFO views 15152 1436 1
2023-05-27 12:55:07,596 INFO views 15152 1436 1
2023-05-27 12:55:07,602 INFO views 15152 1436 1
2023-05-27 12:55:07,608 INFO views 15152 1436 1
2023-05-27 12:55:07,614 INFO views 15152 1436 1
2023-05-27 12:55:07,620 INFO views 15152 1436 1
2023-05-27 12:55:07,627 INFO views 15152 1436 1
2023-05-27 12:55:07,633 INFO views 15152 1436 1
2023-05-27 12:55:07,640 INFO views 15152 1436 1
2023-05-27 12:55:07,648 INFO views 15152 1436 1
2023-05-27 12:55:07,654 INFO views 15152 1436 1
2023-05-27 12:55:07,663 INFO views 15152 1436 1
2023-05-27 12:55:07,675 INFO views 15152 1436 1
2023-05-27 12:55:07,683 INFO views 15152 1436 1
2023-05-27 12:55:07,691 INFO views 15152 1436 1
2023-05-27 12:55:07,698 INFO views 15152 1436 1
2023-05-27 12:55:07,706 INFO views 15152 1436 1
2023-05-27 12:55:07,714 INFO views 15152 1436 1
2023-05-27 12:55:07,723 INFO views 15152 1436 1
2023-05-27 12:55:07,733 INFO views 15152 1436 1
2023-05-27 12:55:07,743 INFO views 15152 1436 1
2023-05-27 12:55:07,751 INFO views 15152 1436 1
2023-05-27 12:55:07,757 INFO views 15152 1436 1
2023-05-27 12:55:07,763 INFO views 15152 1436 1
2023-05-27 12:55:07,770 INFO views 15152 1436 1
2023-05-27 12:55:07,779 INFO views 15152 1436 1
2023-05-27 12:55:07,787 INFO views 15152 1436 1
2023-05-27 12:55:07,793 INFO views 15152 1436 1
2023-05-27 12:55:07,799 INFO views 15152 1436 1
2023-05-27 12:55:07,804 INFO views 15152 1436 1
2023-05-27 12:55:07,810 INFO views 15152 1436 1
2023-05-27 12:55:07,816 INFO views 15152 1436 1
2023-05-27 12:55:07,823 INFO views 15152 1436 1
2023-05-27 12:55:07,830 INFO views 15152 1436 1
2023-05-27 12:55:07,837 INFO views 15152 1436 1
2023-05-27 12:55:07,846 INFO views 15152 1436 1
2023-05-27 12:55:07,853 INFO views 15152 1436 1
2023-05-27 12:55:07,860 INFO views 15152 1436 1
2023-05-27 12:55:07,866 INFO views 15152 1436 1
2023-05-27 12:55:07,873 INFO views 15152 1436 1
2023-05-27 12:55:07,881 INFO views 15152 1436 1
2023-05-27 12:55:07,889 INFO views 15152 1436 1
2023-05-27 12:55:07,897 INFO views 15152 1436 1
2023-05-27 12:55:07,903 INFO views 15152 1436 1
2023-05-27 12:55:07,909 INFO views 15152 1436 1
2023-05-27 12:55:07,914 INFO views 15152 1436 1
2023-05-27 12:55:07,919 INFO views 15152 1436 1
2023-05-27 12:55:07,925 INFO views 15152 1436 1
2023-05-27 12:55:07,930 INFO views 15152 1436 1
2023-05-27 12:55:07,936 INFO views 15152 1436 1
2023-05-27 12:55:07,943 INFO views 15152 1436 1
2023-05-27 12:55:07,952 INFO views 15152 1436 1
2023-05-27 12:55:07,960 INFO views 15152 1436 1
2023-05-27 12:55:07,967 INFO views 15152 1436 1
2023-05-27 12:55:07,974 INFO views 15152 1436 1
2023-05-27 12:55:07,981 INFO views 15152 1436 1
2023-05-27 12:55:07,987 INFO views 15152 1436 1
2023-05-27 12:55:07,992 INFO views 15152 1436 1
2023-05-27 12:55:07,997 INFO views 15152 1436 1
2023-05-27 12:55:08,003 INFO views 15152 1436 1
2023-05-27 12:55:08,014 INFO views 15152 1436 1
2023-05-27 12:55:08,019 INFO views 15152 1436 1
2023-05-27 12:55:08,025 INFO views 15152 1436 1
2023-05-27 12:55:08,032 INFO views 15152 1436 1
2023-05-27 12:55:08,037 INFO views 15152 1436 1
2023-05-27 12:55:08,043 INFO views 15152 1436 1
2023-05-27 12:55:08,049 INFO views 15152 1436 1
2023-05-27 12:55:08,054 INFO views 15152 1436 1
2023-05-27 12:55:08,060 INFO views 15152 1436 1
2023-05-27 12:55:08,066 INFO views 15152 1436 1
2023-05-27 12:55:08,074 INFO views 15152 1436 1
2023-05-27 12:55:08,082 INFO views 15152 1436 1
2023-05-27 12:55:08,088 INFO views 15152 1436 1
2023-05-27 12:55:08,094 INFO views 15152 1436 1
2023-05-27 12:55:08,100 INFO views 15152 1436 1
2023-05-27 12:55:08,106 INFO views 15152 1436 1
2023-05-27 12:55:08,112 INFO views 15152 1436 1
2023-05-27 12:55:08,117 INFO views 15152 1436 1
2023-05-27 12:55:08,124 INFO views 15152 1436 1
2023-05-27 12:55:08,131 INFO views 15152 1436 1
2023-05-27 12:55:08,138 INFO views 15152 1436 1
2023-05-27 12:55:08,144 INFO views 15152 1436 1
2023-05-27 12:55:08,151 INFO views 15152 1436 1
2023-05-27 12:55:08,158 INFO views 15152 1436 1
2023-05-27 12:55:08,165 INFO views 15152 1436 1
2023-05-27 12:55:08,173 INFO views 15152 1436 1
2023-05-27 12:55:08,180 INFO views 15152 1436 1
2023-05-27 12:55:08,188 INFO views 15152 1436 1
2023-05-27 12:55:08,194 INFO views 15152 1436 1
2023-05-27 12:55:08,200 INFO views 15152 1436 1
2023-05-27 12:55:08,207 INFO views 15152 1436 1
2023-05-27 12:55:08,214 INFO views 15152 1436 1
2023-05-27 12:55:08,220 INFO views 15152 1436 1
2023-05-27 12:55:08,226 INFO views 15152 1436 1
2023-05-27 12:55:08,233 INFO views 15152 1436 1
2023-05-27 12:55:08,239 INFO views 15152 1436 1
2023-05-27 12:55:08,245 INFO views 15152 1436 1
2023-05-27 12:55:08,251 INFO views 15152 1436 1
2023-05-27 12:55:08,257 INFO views 15152 1436 1
2023-05-27 12:55:08,263 INFO views 15152 1436 1
2023-05-27 12:55:08,270 INFO views 15152 1436 1
2023-05-27 12:55:08,279 INFO views 15152 1436 1
2023-05-27 12:55:08,287 INFO views 15152 1436 1
2023-05-27 12:55:08,295 INFO views 15152 1436 1
2023-05-27 12:55:08,302 INFO views 15152 1436 1
2023-05-27 12:55:08,309 INFO views 15152 1436 1
2023-05-27 12:55:08,315 INFO views 15152 1436 1
2023-05-27 12:55:08,322 INFO views 15152 1436 1
2023-05-27 12:55:08,329 INFO views 15152 1436 1
2023-05-27 12:55:08,336 INFO views 15152 1436 1
2023-05-27 12:55:08,344 INFO views 15152 1436 1
2023-05-27 12:55:08,352 INFO views 15152 1436 1
2023-05-27 12:55:08,360 INFO views 15152 1436 1
2023-05-27 12:55:08,367 INFO views 15152 1436 1
2023-05-27 12:55:08,374 INFO views 15152 1436 1
2023-05-27 12:55:08,382 INFO views 15152 1436 1
2023-05-27 12:55:08,390 INFO views 15152 1436 1
2023-05-27 12:55:08,398 INFO views 15152 1436 1
2023-05-27 12:55:08,405 INFO views 15152 1436 1
2023-05-27 12:55:08,416 INFO views 15152 1436 1
2023-05-27 12:55:08,423 INFO views 15152 1436 1
2023-05-27 12:55:08,429 INFO views 15152 1436 1
2023-05-27 12:55:08,435 INFO views 15152 1436 1
2023-05-27 12:55:08,442 INFO views 15152 1436 1
2023-05-27 12:55:08,448 INFO views 15152 1436 1
2023-05-27 12:55:08,453 INFO views 15152 1436 1
2023-05-27 12:55:08,459 INFO views 15152 1436 1
2023-05-27 12:55:08,464 INFO views 15152 1436 1
2023-05-27 12:55:08,469 INFO views 15152 1436 1
2023-05-27 12:55:08,474 INFO views 15152 1436 1
2023-05-27 12:55:08,480 INFO views 15152 1436 1
2023-05-27 12:55:08,486 INFO views 15152 1436 1
2023-05-27 12:55:08,491 INFO views 15152 1436 1
2023-05-27 12:55:08,497 INFO views 15152 1436 1
2023-05-27 12:55:08,504 INFO views 15152 1436 1
2023-05-27 12:55:08,512 INFO views 15152 1436 1
2023-05-27 12:55:08,521 INFO views 15152 1436 1
2023-05-27 12:55:08,527 INFO views 15152 1436 1
2023-05-27 12:55:08,533 INFO views 15152 1436 1
2023-05-27 12:55:08,539 INFO views 15152 1436 1
2023-05-27 12:55:08,546 INFO views 15152 1436 1
2023-05-27 12:55:08,552 INFO views 15152 1436 1
2023-05-27 12:55:08,558 INFO views 15152 1436 1
2023-05-27 12:55:08,564 INFO views 15152 1436 1
2023-05-27 12:55:08,574 INFO views 15152 1436 1
2023-05-27 12:55:08,580 INFO views 15152 1436 1
2023-05-27 12:55:08,587 INFO views 15152 1436 1
2023-05-27 12:55:08,593 INFO views 15152 1436 1
2023-05-27 12:55:08,599 INFO views 15152 1436 1
2023-05-27 12:55:08,606 INFO views 15152 1436 1
2023-05-27 12:55:08,613 INFO views 15152 1436 1
2023-05-27 12:55:08,620 INFO views 15152 1436 1
2023-05-27 12:55:08,626 INFO views 15152 1436 1
2023-05-27 12:55:08,633 INFO views 15152 1436 1
2023-05-27 12:55:08,640 INFO views 15152 1436 1
2023-05-27 12:55:08,647 INFO views 15152 1436 1
2023-05-27 12:55:08,654 INFO views 15152 1436 1
2023-05-27 12:55:08,661 INFO views 15152 1436 1
2023-05-27 12:55:08,668 INFO views 15152 1436 1
2023-05-27 12:55:08,675 INFO views 15152 1436 1
2023-05-27 12:55:08,681 INFO views 15152 1436 1
2023-05-27 12:55:08,688 INFO views 15152 1436 1
2023-05-27 12:55:08,695 INFO views 15152 1436 1
2023-05-27 12:55:08,701 INFO views 15152 1436 1
2023-05-27 12:55:08,708 INFO views 15152 1436 1
2023-05-27 12:55:08,714 INFO views 15152 1436 1
2023-05-27 12:55:08,721 INFO views 15152 1436 1
2023-05-27 12:55:08,727 INFO views 15152 1436 1
2023-05-27 12:55:08,734 INFO views 15152 1436 1
2023-05-27 12:55:08,740 INFO views 15152 1436 1
2023-05-27 12:55:08,747 INFO views 15152 1436 1
2023-05-27 12:55:08,753 INFO views 15152 1436 1
2023-05-27 12:55:08,759 INFO views 15152 1436 1
2023-05-27 12:55:08,765 INFO views 15152 1436 1
2023-05-27 12:55:08,771 INFO views 15152 1436 1
2023-05-27 12:55:08,778 INFO views 15152 1436 1
2023-05-27 12:55:08,785 INFO views 15152 1436 1
2023-05-27 12:55:08,791 INFO views 15152 1436 1
2023-05-27 12:55:08,797 INFO views 15152 1436 1
2023-05-27 12:55:08,804 INFO views 15152 1436 1
2023-05-27 12:55:08,810 INFO views 15152 1436 1
2023-05-27 12:55:08,816 INFO views 15152 1436 1
2023-05-27 12:55:08,822 INFO views 15152 1436 1
2023-05-27 12:55:08,829 INFO views 15152 1436 1
2023-05-27 12:55:08,836 INFO views 15152 1436 1
2023-05-27 12:55:08,842 INFO views 15152 1436 1
2023-05-27 12:55:08,849 INFO views 15152 1436 1
2023-05-27 12:55:08,855 INFO views 15152 1436 1
2023-05-27 12:55:08,862 INFO views 15152 1436 1
2023-05-27 12:55:08,868 INFO views 15152 1436 1
2023-05-27 12:55:08,874 INFO views 15152 1436 1
2023-05-27 12:55:08,880 INFO views 15152 1436 1
2023-05-27 12:55:08,886 INFO views 15152 1436 1
2023-05-27 12:55:08,892 INFO views 15152 1436 1
2023-05-27 12:55:08,898 INFO views 15152 1436 1
2023-05-27 12:55:08,905 INFO views 15152 1436 1
2023-05-27 12:55:08,912 INFO views 15152 1436 1
2023-05-27 12:55:08,919 INFO views 15152 1436 1
2023-05-27 12:55:08,925 INFO views 15152 1436 1
2023-05-27 12:55:08,932 INFO views 15152 1436 1
2023-05-27 12:55:08,938 INFO views 15152 1436 1
2023-05-27 12:55:08,945 INFO views 15152 1436 1
2023-05-27 12:55:08,951 INFO views 15152 1436 1
2023-05-27 12:55:08,958 INFO views 15152 1436 1
2023-05-27 12:55:08,966 INFO views 15152 1436 1
2023-05-27 12:55:08,973 INFO views 15152 1436 1
2023-05-27 12:55:08,980 INFO views 15152 1436 1
2023-05-27 12:55:08,987 INFO views 15152 1436 1
2023-05-27 12:55:08,992 INFO views 15152 1436 1
2023-05-27 12:55:08,999 INFO views 15152 1436 1
2023-05-27 12:55:09,005 INFO views 15152 1436 1
2023-05-27 12:55:09,012 INFO views 15152 1436 1
2023-05-27 12:55:09,020 INFO views 15152 1436 1
2023-05-27 12:55:09,026 INFO views 15152 1436 1
2023-05-27 12:55:09,032 INFO views 15152 1436 1
2023-05-27 12:55:09,038 INFO views 15152 1436 1
2023-05-27 12:55:09,045 INFO views 15152 1436 1
2023-05-27 12:55:09,052 INFO views 15152 1436 1
2023-05-27 12:55:09,058 INFO views 15152 1436 1
2023-05-27 12:55:09,064 INFO views 15152 1436 1
2023-05-27 12:55:09,071 INFO views 15152 1436 1
2023-05-27 12:55:09,077 INFO views 15152 1436 1
2023-05-27 12:55:09,084 INFO views 15152 1436 1
2023-05-27 12:55:09,091 INFO views 15152 1436 1
2023-05-27 12:55:09,097 INFO views 15152 1436 1
2023-05-27 12:55:09,103 INFO views 15152 1436 1
2023-05-27 12:55:09,110 INFO views 15152 1436 1
2023-05-27 12:55:09,116 INFO views 15152 1436 1
2023-05-27 12:55:09,123 INFO views 15152 1436 1
2023-05-27 12:55:09,130 INFO views 15152 1436 1
2023-05-27 12:55:09,136 INFO views 15152 1436 1
2023-05-27 12:55:09,143 INFO views 15152 1436 1
2023-05-27 12:55:09,149 INFO views 15152 1436 1
2023-05-27 12:55:09,156 INFO views 15152 1436 1
2023-05-27 12:55:09,163 INFO views 15152 1436 1
2023-05-27 12:55:09,173 INFO views 15152 1436 1
2023-05-27 12:55:09,180 INFO views 15152 1436 1
2023-05-27 12:55:09,187 INFO views 15152 1436 1
2023-05-27 12:55:09,193 INFO views 15152 1436 1
2023-05-27 12:55:09,199 INFO views 15152 1436 1
2023-05-27 12:55:09,205 INFO views 15152 1436 1
2023-05-27 12:55:09,213 INFO views 15152 1436 1
2023-05-27 12:55:09,223 INFO views 15152 1436 1
2023-05-27 12:55:09,233 INFO views 15152 1436 1
2023-05-27 12:55:09,240 INFO views 15152 1436 1
2023-05-27 12:55:09,247 INFO views 15152 1436 1
2023-05-27 12:55:09,253 INFO views 15152 1436 1
2023-05-27 12:55:09,261 INFO views 15152 1436 1
2023-05-27 12:55:09,267 INFO views 15152 1436 1
2023-05-27 12:55:09,274 INFO views 15152 1436 1
2023-05-27 12:55:09,287 INFO views 15152 1436 1
2023-05-27 12:55:09,295 INFO views 15152 1436 1
2023-05-27 12:55:09,303 INFO views 15152 1436 1
2023-05-27 12:55:09,310 INFO views 15152 1436 1
2023-05-27 12:55:09,317 INFO views 15152 1436 1
2023-05-27 12:55:09,324 INFO views 15152 1436 1
2023-05-27 12:55:09,331 INFO views 15152 1436 1
2023-05-27 12:55:09,337 INFO views 15152 1436 1
2023-05-27 12:55:09,343 INFO views 15152 1436 1
2023-05-27 12:55:09,350 INFO views 15152 1436 1
2023-05-27 12:55:09,356 INFO views 15152 1436 1
2023-05-27 12:55:09,363 INFO views 15152 1436 1
2023-05-27 12:55:09,370 INFO views 15152 1436 1
2023-05-27 12:55:09,376 INFO views 15152 1436 1
2023-05-27 12:55:09,383 INFO views 15152 1436 1
2023-05-27 12:55:09,390 INFO views 15152 1436 1
2023-05-27 12:55:09,397 INFO views 15152 1436 1
2023-05-27 12:55:09,403 INFO views 15152 1436 1
2023-05-27 12:55:09,415 INFO views 15152 1436 1
2023-05-27 12:55:09,423 INFO views 15152 1436 1
2023-05-27 12:55:09,430 INFO views 15152 1436 1
2023-05-27 12:55:09,436 INFO views 15152 1436 1
2023-05-27 12:55:09,444 INFO views 15152 1436 1
2023-05-27 12:55:09,450 INFO views 15152 1436 1
2023-05-27 12:55:09,513 INFO views 15152 1436 1
2023-05-27 12:55:09,692 INFO views 15152 1436 1
2023-05-27 12:55:09,802 INFO views 15152 1436 1
2023-05-27 12:55:09,808 INFO views 15152 1436 1
2023-05-27 12:55:09,815 INFO views 15152 1436 1
2023-05-27 12:55:09,822 INFO views 15152 1436 1
2023-05-27 12:55:09,829 INFO views 15152 1436 1
2023-05-27 12:55:09,836 INFO views 15152 1436 1
2023-05-27 12:55:09,845 INFO views 15152 1436 1
2023-05-27 12:55:09,854 INFO views 15152 1436 1
2023-05-27 12:55:09,861 INFO views 15152 1436 1
2023-05-27 12:55:09,867 INFO views 15152 1436 1
2023-05-27 12:55:09,874 INFO views 15152 1436 1
2023-05-27 12:55:09,881 INFO views 15152 1436 1
2023-05-27 12:55:09,889 INFO views 15152 1436 1
2023-05-27 12:55:09,896 INFO views 15152 1436 1
2023-05-27 12:55:09,903 INFO views 15152 1436 1
2023-05-27 12:55:09,909 INFO views 15152 1436 1
2023-05-27 12:55:09,916 INFO views 15152 1436 1
2023-05-27 12:55:09,921 INFO views 15152 1436 1
2023-05-27 12:55:09,928 INFO views 15152 1436 1
2023-05-27 12:55:09,934 INFO views 15152 1436 1
2023-05-27 12:55:09,940 INFO views 15152 1436 1
2023-05-27 12:55:09,945 INFO views 15152 1436 1
2023-05-27 12:55:09,951 INFO views 15152 1436 1
2023-05-27 12:55:09,960 INFO views 15152 1436 1
2023-05-27 12:55:09,968 INFO views 15152 1436 1
2023-05-27 12:55:09,980 INFO views 15152 1436 1
2023-05-27 12:55:09,986 INFO views 15152 1436 1
2023-05-27 12:55:09,996 INFO views 15152 1436 1
2023-05-27 12:55:10,002 INFO views 15152 1436 1
2023-05-27 12:55:10,008 INFO views 15152 1436 1
2023-05-27 12:55:10,015 INFO views 15152 1436 1
2023-05-27 12:55:10,021 INFO views 15152 1436 1
2023-05-27 12:55:10,029 INFO views 15152 1436 1
2023-05-27 12:55:10,036 INFO views 15152 1436 1
2023-05-27 12:55:10,042 INFO views 15152 1436 1
2023-05-27 12:55:10,048 INFO views 15152 1436 1
2023-05-27 12:55:10,055 INFO views 15152 1436 1
2023-05-27 12:55:10,062 INFO views 15152 1436 1
2023-05-27 12:55:10,068 INFO views 15152 1436 1
2023-05-27 12:55:10,074 INFO views 15152 1436 1
2023-05-27 12:55:10,081 INFO views 15152 1436 1
2023-05-27 12:55:10,087 INFO views 15152 1436 1
2023-05-27 12:55:10,094 INFO views 15152 1436 1
2023-05-27 12:55:10,100 INFO views 15152 1436 1
2023-05-27 12:55:10,107 INFO views 15152 1436 1
2023-05-27 12:55:10,114 INFO views 15152 1436 1
2023-05-27 12:55:10,119 INFO views 15152 1436 1
2023-05-27 12:55:10,125 INFO views 15152 1436 1
2023-05-27 12:55:10,131 INFO views 15152 1436 1
2023-05-27 12:55:10,138 INFO views 15152 1436 1
2023-05-27 12:55:10,144 INFO views 15152 1436 1
2023-05-27 12:55:10,150 INFO views 15152 1436 1
2023-05-27 12:55:10,156 INFO views 15152 1436 1
2023-05-27 12:55:10,164 INFO views 15152 1436 1
2023-05-27 12:55:10,172 INFO views 15152 1436 1
2023-05-27 12:55:10,178 INFO views 15152 1436 1
2023-05-27 12:55:10,184 INFO views 15152 1436 1
2023-05-27 12:55:10,191 INFO views 15152 1436 1
2023-05-27 12:55:10,197 INFO views 15152 1436 1
2023-05-27 12:55:10,203 INFO views 15152 1436 1
2023-05-27 12:55:10,209 INFO views 15152 1436 1
2023-05-27 12:55:10,215 INFO views 15152 1436 1
2023-05-27 12:55:10,221 INFO views 15152 1436 1
2023-05-27 12:55:10,229 INFO views 15152 1436 1
2023-05-27 12:55:10,235 INFO views 15152 1436 1
2023-05-27 12:55:10,241 INFO views 15152 1436 1
2023-05-27 12:55:10,246 INFO views 15152 1436 1
2023-05-27 12:55:10,252 INFO views 15152 1436 1
2023-05-27 12:55:10,258 INFO views 15152 1436 1
2023-05-27 12:55:10,265 INFO views 15152 1436 1
2023-05-27 12:55:10,272 INFO views 15152 1436 1
2023-05-27 12:55:10,280 INFO views 15152 1436 1
2023-05-27 12:55:10,287 INFO views 15152 1436 1
2023-05-27 12:55:10,293 INFO views 15152 1436 1
2023-05-27 12:55:10,301 INFO views 15152 1436 1
2023-05-27 12:55:10,307 INFO views 15152 1436 1
2023-05-27 12:55:10,314 INFO views 15152 1436 1
2023-05-27 12:55:10,322 INFO views 15152 1436 1
2023-05-27 12:55:10,329 INFO views 15152 1436 1
2023-05-27 12:55:10,336 INFO views 15152 1436 1
2023-05-27 12:55:10,343 INFO views 15152 1436 1
2023-05-27 12:55:10,349 INFO views 15152 1436 1
2023-05-27 12:55:10,359 INFO views 15152 1436 1
2023-05-27 12:55:10,365 INFO views 15152 1436 1
2023-05-27 12:55:10,371 INFO views 15152 1436 1
2023-05-27 12:55:10,379 INFO views 15152 1436 1
2023-05-27 12:55:10,385 INFO views 15152 1436 1
2023-05-27 12:55:10,392 INFO views 15152 1436 1
2023-05-27 12:55:10,398 INFO views 15152 1436 1
2023-05-27 12:55:10,404 INFO views 15152 1436 1
2023-05-27 12:55:10,411 INFO views 15152 1436 1
2023-05-27 12:55:10,418 INFO views 15152 1436 1
2023-05-27 12:55:10,424 INFO views 15152 1436 1
2023-05-27 12:55:10,430 INFO views 15152 1436 1
2023-05-27 12:55:10,436 INFO views 15152 1436 1
2023-05-27 12:55:10,442 INFO views 15152 1436 1
2023-05-27 12:55:10,448 INFO views 15152 1436 1
2023-05-27 12:55:10,455 INFO views 15152 1436 1
2023-05-27 12:55:10,479 INFO views 15152 1436 1
2023-05-27 12:55:10,486 INFO views 15152 1436 1
2023-05-27 12:55:10,492 INFO views 15152 1436 1
2023-05-27 12:55:10,499 INFO views 15152 1436 1
2023-05-27 12:55:10,508 INFO views 15152 1436 1
2023-05-27 12:55:10,516 INFO views 15152 1436 1
2023-05-27 12:55:10,523 INFO views 15152 1436 1
2023-05-27 12:55:10,530 INFO views 15152 1436 1
2023-05-27 12:55:10,536 INFO views 15152 1436 1
2023-05-27 12:55:10,543 INFO views 15152 1436 1
2023-05-27 12:55:10,550 INFO views 15152 1436 1
2023-05-27 12:55:10,557 INFO views 15152 1436 1
2023-05-27 12:55:10,563 INFO views 15152 1436 1
2023-05-27 12:55:10,569 INFO views 15152 1436 1
2023-05-27 12:55:10,575 INFO views 15152 1436 1
2023-05-27 12:55:10,582 INFO views 15152 1436 1
2023-05-27 12:55:10,588 INFO views 15152 1436 1
2023-05-27 12:55:10,595 INFO views 15152 1436 1
2023-05-27 12:55:10,602 INFO views 15152 1436 1
2023-05-27 12:55:10,608 INFO views 15152 1436 1
2023-05-27 12:55:10,615 INFO views 15152 1436 1
2023-05-27 12:55:10,621 INFO views 15152 1436 1
2023-05-27 12:55:10,628 INFO views 15152 1436 1
2023-05-27 12:55:10,634 INFO views 15152 1436 1
2023-05-27 12:55:10,641 INFO views 15152 1436 1
2023-05-27 12:55:10,647 INFO views 15152 1436 1
2023-05-27 12:55:10,654 INFO views 15152 1436 1
2023-05-27 12:55:10,661 INFO views 15152 1436 1
2023-05-27 12:55:10,666 INFO views 15152 1436 1
2023-05-27 12:55:10,673 INFO views 15152 1436 1
2023-05-27 12:55:10,680 INFO views 15152 1436 1
2023-05-27 12:55:10,687 INFO views 15152 1436 1
2023-05-27 12:55:10,694 INFO views 15152 1436 1
2023-05-27 12:55:10,701 INFO views 15152 1436 1
2023-05-27 12:55:10,707 INFO views 15152 1436 1
2023-05-27 12:55:10,714 INFO views 15152 1436 1
2023-05-27 12:55:10,720 INFO views 15152 1436 1
2023-05-27 12:55:10,727 INFO views 15152 1436 1
2023-05-27 12:55:10,734 INFO views 15152 1436 1
2023-05-27 12:55:10,740 INFO views 15152 1436 1
2023-05-27 12:55:10,747 INFO views 15152 1436 1
2023-05-27 12:55:10,753 INFO views 15152 1436 1
2023-05-27 12:55:10,760 INFO views 15152 1436 1
2023-05-27 12:55:10,766 INFO views 15152 1436 1
2023-05-27 12:55:10,772 INFO views 15152 1436 1
2023-05-27 12:55:10,779 INFO views 15152 1436 1
2023-05-27 12:55:10,785 INFO views 15152 1436 1
2023-05-27 12:55:10,791 INFO views 15152 1436 1
2023-05-27 12:55:10,797 INFO views 15152 1436 1
2023-05-27 12:55:10,803 INFO views 15152 1436 1
2023-05-27 12:55:10,810 INFO views 15152 1436 1
2023-05-27 12:55:10,815 INFO views 15152 1436 1
2023-05-27 12:55:10,820 INFO views 15152 1436 1
2023-05-27 12:55:10,826 INFO views 15152 1436 1
2023-05-27 12:55:10,831 INFO views 15152 1436 1
2023-05-27 12:55:10,836 INFO views 15152 1436 1
2023-05-27 12:55:10,842 INFO views 15152 1436 1
2023-05-27 12:55:10,847 INFO views 15152 1436 1
2023-05-27 12:55:10,852 INFO views 15152 1436 1
2023-05-27 12:55:10,857 INFO views 15152 1436 1
2023-05-27 12:55:10,863 INFO views 15152 1436 1
2023-05-27 12:55:10,868 INFO views 15152 1436 1
2023-05-27 12:55:10,873 INFO views 15152 1436 1
2023-05-27 12:55:10,878 INFO views 15152 1436 1
2023-05-27 12:55:10,885 INFO views 15152 1436 1
2023-05-27 12:55:10,891 INFO views 15152 1436 1
2023-05-27 12:55:10,897 INFO views 15152 1436 1
2023-05-27 12:55:10,904 INFO views 15152 1436 1
2023-05-27 12:55:10,911 INFO views 15152 1436 1
2023-05-27 12:55:10,918 INFO views 15152 1436 1
2023-05-27 12:55:10,924 INFO views 15152 1436 1
2023-05-27 12:55:10,930 INFO views 15152 1436 1
2023-05-27 12:55:10,937 INFO views 15152 1436 1
2023-05-27 12:55:10,944 INFO views 15152 1436 1
2023-05-27 12:55:10,951 INFO views 15152 1436 1
2023-05-27 12:55:10,958 INFO views 15152 1436 1
2023-05-27 12:55:10,965 INFO views 15152 1436 1
2023-05-27 12:55:10,973 INFO views 15152 1436 1
2023-05-27 12:55:10,980 INFO views 15152 1436 1
2023-05-27 12:55:10,986 INFO views 15152 1436 1
2023-05-27 12:55:10,995 INFO views 15152 1436 1
2023-05-27 12:55:11,005 INFO views 15152 1436 1
2023-05-27 12:55:11,013 INFO views 15152 1436 1
2023-05-27 12:55:11,020 INFO views 15152 1436 1
2023-05-27 12:55:11,028 INFO views 15152 1436 1
2023-05-27 12:55:11,034 INFO views 15152 1436 1
2023-05-27 12:55:11,040 INFO views 15152 1436 1
2023-05-27 12:55:11,046 INFO views 15152 1436 1
2023-05-27 12:55:11,053 INFO views 15152 1436 1
2023-05-27 12:55:11,059 INFO views 15152 1436 1
2023-05-27 12:55:11,069 INFO views 15152 1436 1
2023-05-27 12:55:11,075 INFO views 15152 1436 1
2023-05-27 12:55:11,081 INFO views 15152 1436 1
2023-05-27 12:55:11,088 INFO views 15152 1436 1
2023-05-27 12:55:11,094 INFO views 15152 1436 1
2023-05-27 12:55:11,100 INFO views 15152 1436 1
2023-05-27 12:55:11,107 INFO views 15152 1436 1
2023-05-27 12:55:11,119 INFO views 15152 1436 1
2023-05-27 12:55:11,125 INFO views 15152 1436 1
2023-05-27 12:55:11,131 INFO basehttp 15152 1436 "POST /order/add/ HTTP/1.1" 302 0
2023-05-27 12:55:11,216 INFO basehttp 15152 1436 "GET /order/ HTTP/1.1" 200 1656
2023-05-27 12:56:30,949 INFO autoreload 15152 14512 C:\Users\Maks\PycharmProjects\orders-auto\auto\order\views.py changed, reloading.
2023-05-27 12:56:31,854 INFO autoreload 12252 14456 Watching for file changes with StatReloader
2023-05-27 12:56:37,933 INFO basehttp 12252 11300 "GET /order/ HTTP/1.1" 200 1656
2023-05-27 12:56:40,121 INFO basehttp 12252 11300 "GET /order/delete/54 HTTP/1.1" 302 0
2023-05-27 12:56:40,142 INFO basehttp 12252 11300 "GET /order/ HTTP/1.1" 200 1470
2023-05-27 12:56:41,737 INFO basehttp 12252 11300 "GET /order/add/ HTTP/1.1" 200 2120
2023-05-27 12:57:01,264 INFO basehttp 12252 11300 "POST /order/add/ HTTP/1.1" 200 2248
2023-05-27 12:57:22,874 INFO basehttp 12252 11300 "POST /order/add/ HTTP/1.1" 302 0
2023-05-27 12:57:22,948 INFO basehttp 12252 11300 "GET /order/ HTTP/1.1" 200 1656
2023-05-27 12:57:40,802 INFO basehttp 12252 11300 "GET /order/delete/55 HTTP/1.1" 302 0
2023-05-27 12:57:40,833 INFO basehttp 12252 11300 "GET /order/ HTTP/1.1" 200 1470
2023-05-27 12:59:39,538 INFO autoreload 12252 14456 C:\Users\Maks\PycharmProjects\orders-auto\auto\order\views.py changed, reloading.
2023-05-27 12:59:40,853 INFO autoreload 3572 15060 Watching for file changes with StatReloader
2023-05-27 12:59:41,954 INFO basehttp 3572 13972 "GET /order/add/ HTTP/1.1" 200 2120
2023-05-27 12:59:50,304 INFO basehttp 3572 13972 "POST /order/add/ HTTP/1.1" 302 0
2023-05-27 12:59:50,396 INFO basehttp 3572 13972 "GET /order/ HTTP/1.1" 200 1657
2023-05-27 13:01:31,760 INFO autoreload 3572 15060 C:\Users\Maks\PycharmProjects\orders-auto\auto\order\views.py changed, reloading.
2023-05-27 13:01:32,746 INFO autoreload 9268 14524 Watching for file changes with StatReloader
2023-05-27 13:01:33,745 INFO basehttp 9268 16912 "GET /order/add/ HTTP/1.1" 200 2120
2023-05-27 13:01:44,225 ERROR log 9268 16912 Internal Server Error: /order/add/
Traceback (most recent call last):
  File "C:\Users\Maks\PycharmProjects\orders-auto\venv\lib\site-packages\django\core\handlers\exception.py", line 47, in inner
    response = get_response(request)
  File "C:\Users\Maks\PycharmProjects\orders-auto\venv\lib\site-packages\django\core\handlers\base.py", line 181, in _get_response
    response = wrapped_callback(request, *callback_args, **callback_kwargs)
  File "C:\Users\Maks\PycharmProjects\orders-auto\venv\lib\site-packages\django\contrib\auth\decorators.py", line 21, in _wrapped_view
    return view_func(request, *args, **kwargs)
  File "C:\Users\Maks\PycharmProjects\orders-auto\auto\order\views.py", line 74, in add_order
    formset.save()
  File "C:\Users\Maks\PycharmProjects\orders-auto\venv\lib\site-packages\django\forms\models.py", line 681, in save
    return self.save_existing_objects(commit) + self.save_new_objects(commit)
  File "C:\Users\Maks\PycharmProjects\orders-auto\venv\lib\site-packages\django\forms\models.py", line 819, in save_new_objects
    self.new_objects.append(self.save_new(form, commit=commit))
  File "C:\Users\Maks\PycharmProjects\orders-auto\venv\lib\site-packages\django\forms\models.py", line 961, in save_new
    return super().save_new(form, commit=commit)
  File "C:\Users\Maks\PycharmProjects\orders-auto\venv\lib\site-packages\django\forms\models.py", line 658, in save_new
    return form.save(commit=commit)
  File "C:\Users\Maks\PycharmProjects\orders-auto\venv\lib\site-packages\django\forms\models.py", line 468, in save
    self.instance.save()
  File "C:\Users\Maks\PycharmProjects\orders-auto\venv\lib\site-packages\django\db\models\base.py", line 682, in save
    self._prepare_related_fields_for_save(operation_name='save')
  File "C:\Users\Maks\PycharmProjects\orders-auto\venv\lib\site-packages\django\db\models\base.py", line 932, in _prepare_related_fields_for_save
    raise ValueError(
ValueError: save() prohibited to prevent data loss due to unsaved related object 'order'.
2023-05-27 13:01:44,227 ERROR basehttp 9268 16912 "POST /order/add/ HTTP/1.1" 500 104336
2023-05-27 13:03:56,452 INFO autoreload 9268 14524 C:\Users\Maks\PycharmProjects\orders-auto\auto\order\views.py changed, reloading.
2023-05-27 13:03:57,421 INFO autoreload 4612 5900 Watching for file changes with StatReloader
2023-05-27 13:03:59,581 ERROR log 4612 17184 Internal Server Error: /order/add/
Traceback (most recent call last):
  File "C:\Users\Maks\PycharmProjects\orders-auto\venv\lib\site-packages\django\core\handlers\exception.py", line 47, in inner
    response = get_response(request)
  File "C:\Users\Maks\PycharmProjects\orders-auto\venv\lib\site-packages\django\core\handlers\base.py", line 181, in _get_response
    response = wrapped_callback(request, *callback_args, **callback_kwargs)
  File "C:\Users\Maks\PycharmProjects\orders-auto\venv\lib\site-packages\django\contrib\auth\decorators.py", line 21, in _wrapped_view
    return view_func(request, *args, **kwargs)
  File "C:\Users\Maks\PycharmProjects\orders-auto\auto\order\views.py", line 73, in add_order
    formset.save()  # Save all the image objects to the database
  File "C:\Users\Maks\PycharmProjects\orders-auto\venv\lib\site-packages\django\forms\models.py", line 681, in save
    return self.save_existing_objects(commit) + self.save_new_objects(commit)
  File "C:\Users\Maks\PycharmProjects\orders-auto\venv\lib\site-packages\django\forms\models.py", line 819, in save_new_objects
    self.new_objects.append(self.save_new(form, commit=commit))
  File "C:\Users\Maks\PycharmProjects\orders-auto\venv\lib\site-packages\django\forms\models.py", line 961, in save_new
    return super().save_new(form, commit=commit)
  File "C:\Users\Maks\PycharmProjects\orders-auto\venv\lib\site-packages\django\forms\models.py", line 658, in save_new
    return form.save(commit=commit)
  File "C:\Users\Maks\PycharmProjects\orders-auto\venv\lib\site-packages\django\forms\models.py", line 468, in save
    self.instance.save()
  File "C:\Users\Maks\PycharmProjects\orders-auto\venv\lib\site-packages\django\db\models\base.py", line 682, in save
    self._prepare_related_fields_for_save(operation_name='save')
  File "C:\Users\Maks\PycharmProjects\orders-auto\venv\lib\site-packages\django\db\models\base.py", line 932, in _prepare_related_fields_for_save
    raise ValueError(
ValueError: save() prohibited to prevent data loss due to unsaved related object 'order'.
2023-05-27 13:03:59,584 ERROR basehttp 4612 17184 "POST /order/add/ HTTP/1.1" 500 104438
2023-05-27 13:04:22,117 INFO autoreload 4612 5900 C:\Users\Maks\PycharmProjects\orders-auto\auto\order\views.py changed, reloading.
2023-05-27 13:04:23,059 INFO autoreload 16636 15228 Watching for file changes with StatReloader
2023-05-27 13:06:00,952 INFO autoreload 16636 15228 C:\Users\Maks\PycharmProjects\orders-auto\auto\order\views.py changed, reloading.
2023-05-27 13:06:02,214 INFO autoreload 14532 15128 Watching for file changes with StatReloader
2023-05-27 13:06:04,189 INFO basehttp 14532 9636 "POST /order/add/ HTTP/1.1" 302 0
2023-05-27 13:06:04,281 INFO basehttp 14532 9636 "GET /order/ HTTP/1.1" 200 2215
2023-05-27 13:07:12,621 INFO autoreload 14532 15128 C:\Users\Maks\PycharmProjects\orders-auto\auto\order\views.py changed, reloading.
2023-05-27 13:07:13,645 INFO autoreload 12872 14540 Watching for file changes with StatReloader
2023-05-27 13:09:06,352 INFO basehttp 12872 11168 "GET /order/add/ HTTP/1.1" 200 2143
2023-05-27 13:09:14,920 INFO basehttp 12872 11168 "POST /order/add/ HTTP/1.1" 302 0
2023-05-27 13:09:15,023 INFO basehttp 12872 11168 "GET /order/ HTTP/1.1" 200 2401
2023-05-27 13:14:24,274 INFO autoreload 12872 14540 C:\Users\Maks\PycharmProjects\orders-auto\auto\order\views.py changed, reloading.
2023-05-27 13:14:25,512 INFO autoreload 4984 10552 Watching for file changes with StatReloader
2023-05-27 13:14:27,452 INFO basehttp 4984 1936 "GET /order/delete/56 HTTP/1.1" 302 0
2023-05-27 13:14:27,532 INFO basehttp 4984 1936 "GET /order/ HTTP/1.1" 200 2214
2023-05-27 13:14:28,069 INFO basehttp 4984 1936 "GET /order/delete/57 HTTP/1.1" 302 0
2023-05-27 13:14:28,092 INFO basehttp 4984 1936 "GET /order/ HTTP/1.1" 200 2028
2023-05-27 13:14:28,724 INFO basehttp 4984 1936 "GET /order/delete/58 HTTP/1.1" 302 0
2023-05-27 13:14:28,753 INFO basehttp 4984 1936 "GET /order/ HTTP/1.1" 200 1842
2023-05-27 13:14:29,282 INFO basehttp 4984 1936 "GET /order/delete/59 HTTP/1.1" 302 0
2023-05-27 13:14:29,322 INFO basehttp 4984 1936 "GET /order/ HTTP/1.1" 200 1656
2023-05-27 13:14:29,870 INFO basehttp 4984 1936 "GET /order/delete/60 HTTP/1.1" 302 0
2023-05-27 13:14:29,890 INFO basehttp 4984 1936 "GET /order/ HTTP/1.1" 200 1470
2023-05-27 13:14:31,494 INFO basehttp 4984 1936 "GET /order/add/ HTTP/1.1" 200 3037
2023-05-27 13:15:01,050 INFO autoreload 4984 10552 C:\Users\Maks\PycharmProjects\orders-auto\auto\order\forms.py changed, reloading.
2023-05-27 13:15:01,918 INFO autoreload 15432 16424 Watching for file changes with StatReloader
2023-05-27 13:15:31,470 INFO basehttp 15432 13432 "GET /order/add/ HTTP/1.1" 200 2593
2023-05-27 13:15:44,852 INFO basehttp 15432 13432 "POST /order/add/ HTTP/1.1" 302 0
2023-05-27 13:15:44,947 INFO basehttp 15432 13432 "GET /order/ HTTP/1.1" 200 1657
2023-05-27 13:16:31,057 INFO autoreload 15432 16424 C:\Users\Maks\PycharmProjects\orders-auto\auto\order\views.py changed, reloading.
2023-05-27 13:16:31,946 INFO autoreload 14228 9728 Watching for file changes with StatReloader
2023-05-27 13:16:48,943 INFO basehttp 14228 14816 "GET /order/ HTTP/1.1" 200 1470
2023-05-27 13:16:57,189 INFO basehttp 14228 14816 "GET /order/add/ HTTP/1.1" 200 2593
2023-05-27 13:17:10,251 INFO basehttp 14228 14816 "POST /order/add/ HTTP/1.1" 302 0
2023-05-27 13:17:10,362 INFO basehttp 14228 14816 "GET /order/ HTTP/1.1" 200 1657
2023-05-27 13:19:54,871 INFO basehttp 14228 14816 "GET /order/62/ HTTP/1.1" 200 826
2023-05-27 13:22:01,734 INFO autoreload 14228 9728 C:\Users\Maks\PycharmProjects\orders-auto\auto\order\models.py changed, reloading.
2023-05-27 13:22:02,830 INFO autoreload 10096 14904 Watching for file changes with StatReloader
2023-05-27 13:22:03,733 INFO basehttp 10096 10008 "GET /order/62/ HTTP/1.1" 200 1089
2023-05-27 13:22:03,886 INFO basehttp 10096 10008 "GET /media/images/banner_year_2023.png HTTP/1.1" 200 348132
2023-05-27 13:22:03,894 INFO basehttp 10096 10008 "GET /media/images/GerbOstrowiec.png HTTP/1.1" 200 154796
2023-05-27 13:22:03,905 INFO basehttp 10096 10008 "GET /media/images/komitet.png HTTP/1.1" 200 176974
2023-05-27 13:28:10,997 INFO autoreload 6116 11536 Watching for file changes with StatReloader
2023-05-27 13:28:18,885 INFO basehttp 6116 14832 "GET /order/62/ HTTP/1.1" 200 1212
2023-05-27 13:28:18,938 WARNING basehttp 6116 14832 "GET /static/css/style.css HTTP/1.1" 404 1768
2023-05-27 13:28:18,962 INFO basehttp 6116 9884 "GET /media/images/banner_year_2023.png HTTP/1.1" 304 0
2023-05-27 13:28:18,973 INFO basehttp 6116 15092 "GET /media/images/GerbOstrowiec.png HTTP/1.1" 304 0
2023-05-27 13:28:18,978 INFO basehttp 6116 9884 "GET /media/images/komitet.png HTTP/1.1" 304 0
2023-05-27 13:28:54,010 WARNING basehttp 6116 9884 "GET /static/css/style.css HTTP/1.1" 404 1768
2023-05-27 13:29:18,122 INFO basehttp 6116 15092 "GET /order/62/ HTTP/1.1" 200 1212
2023-05-27 13:29:18,153 WARNING basehttp 6116 15092 "GET /static/css/style.css HTTP/1.1" 404 1768
2023-05-27 13:29:40,027 INFO basehttp 6116 8080 "GET /order/62/ HTTP/1.1" 200 1212
2023-05-27 13:29:40,059 WARNING basehttp 6116 8080 "GET /static/css/style.css HTTP/1.1" 404 1768
2023-05-27 13:29:40,093 INFO basehttp 6116 14436 "GET /media/images/banner_year_2023.png HTTP/1.1" 304 0
2023-05-27 13:29:40,101 INFO basehttp 6116 12880 "GET /media/images/GerbOstrowiec.png HTTP/1.1" 304 0
2023-05-27 13:29:40,107 INFO basehttp 6116 14436 "GET /media/images/komitet.png HTTP/1.1" 304 0
2023-05-27 13:35:43,271 INFO basehttp 6116 13864 "GET /order/62/ HTTP/1.1" 200 1212
2023-05-27 13:35:43,306 WARNING basehttp 6116 13864 "GET /static/css/style.css HTTP/1.1" 404 1768
2023-05-27 13:35:43,339 INFO basehttp 6116 16772 "GET /media/images/banner_year_2023.png HTTP/1.1" 304 0
2023-05-27 13:35:43,351 INFO basehttp 6116 7044 "GET /media/images/GerbOstrowiec.png HTTP/1.1" 304 0
2023-05-27 13:35:43,355 INFO basehttp 6116 16772 "GET /media/images/komitet.png HTTP/1.1" 304 0
2023-05-27 13:36:48,000 WARNING basehttp 6116 5388 "GET /static/css/style.css HTTP/1.1" 404 1768
2023-05-27 13:39:28,325 INFO autoreload 15384 14424 Watching for file changes with StatReloader
2023-05-27 13:42:23,893 WARNING basehttp 15384 17040 "GET /static/css HTTP/1.1" 404 1738
2023-05-27 13:42:30,456 INFO basehttp 15384 2156 "GET /media HTTP/1.1" 301 0
2023-05-27 13:42:30,477 WARNING log 15384 2156 Not Found: /media/
2023-05-27 13:42:30,477 WARNING basehttp 15384 2156 "GET /media/ HTTP/1.1" 404 3661
2023-05-27 13:42:43,271 WARNING log 15384 2156 Not Found: /media/images/
2023-05-27 13:42:43,272 WARNING basehttp 15384 2156 "GET /media/images/ HTTP/1.1" 404 3682
2023-05-27 13:42:50,446 INFO basehttp 15384 2156 "GET /media/images/banner_year_2023.png HTTP/1.1" 304 0
2023-05-27 13:43:05,816 WARNING basehttp 15384 2156 "GET /static/css/style.css HTTP/1.1" 404 1768
2023-05-27 13:48:04,069 INFO autoreload 6604 928 Watching for file changes with StatReloader
2023-05-27 13:48:20,805 INFO autoreload 6604 928 C:\Users\Maks\PycharmProjects\orders-auto\auto\auto\settings.py changed, reloading.
2023-05-27 13:48:21,766 INFO autoreload 13668 12300 Watching for file changes with StatReloader
2023-05-27 13:48:25,060 INFO basehttp 13668 16164 "GET /static/css/style.css HTTP/1.1" 200 62
2023-05-27 13:48:35,555 INFO basehttp 13668 16164 "GET /order/62/ HTTP/1.1" 200 1212
2023-05-27 13:48:35,628 INFO basehttp 13668 16164 "GET /media/images/banner_year_2023.png HTTP/1.1" 304 0
2023-05-27 13:48:35,632 INFO basehttp 13668 11652 "GET /media/images/GerbOstrowiec.png HTTP/1.1" 304 0
2023-05-27 13:48:35,641 INFO basehttp 13668 11652 "GET /media/images/komitet.png HTTP/1.1" 304 0
2023-05-27 13:50:18,109 INFO basehttp 13668 11652 "GET /order/62/ HTTP/1.1" 200 1212
2023-05-27 13:50:18,132 INFO basehttp 13668 11652 "GET /static/css/style.css HTTP/1.1" 304 0
2023-05-27 13:50:22,045 INFO basehttp 13668 11652 "GET /order/62/ HTTP/1.1" 200 1212
2023-05-27 13:51:31,133 INFO basehttp 13668 11652 "GET /order/62/ HTTP/1.1" 200 1212
2023-05-27 13:51:33,076 INFO basehttp 13668 11652 "GET /order/62/ HTTP/1.1" 200 1212
2023-05-27 13:51:33,586 INFO basehttp 13668 11652 "GET /order/62/ HTTP/1.1" 200 1212
2023-05-27 13:51:33,885 INFO basehttp 13668 11652 "GET /order/62/ HTTP/1.1" 200 1212
2023-05-27 13:51:34,189 INFO basehttp 13668 11652 "GET /order/62/ HTTP/1.1" 200 1212
2023-05-27 13:51:36,864 INFO basehttp 13668 11652 "GET /order/ HTTP/1.1" 200 1714
2023-05-27 13:51:38,173 INFO basehttp 13668 11652 "GET /order/62/ HTTP/1.1" 200 1212
2023-05-27 13:51:54,482 INFO basehttp 13668 11652 "GET /order/62/ HTTP/1.1" 200 1212
2023-05-27 13:51:54,520 INFO basehttp 13668 11652 "GET /static/css/style.css HTTP/1.1" 200 56
2023-05-27 13:51:54,555 INFO basehttp 13668 11652 "GET /media/images/banner_year_2023.png HTTP/1.1" 304 0
2023-05-27 13:51:54,557 INFO basehttp 13668 16164 "GET /media/images/GerbOstrowiec.png HTTP/1.1" 304 0
2023-05-27 13:51:54,570 INFO basehttp 13668 16164 "GET /media/images/komitet.png HTTP/1.1" 304 0
2023-05-27 13:53:40,845 INFO basehttp 13668 16164 "GET /order/62/ HTTP/1.1" 200 1212
2023-05-27 13:53:40,873 INFO basehttp 13668 16164 "GET /static/css/style.css HTTP/1.1" 200 86
2023-05-27 13:53:56,595 INFO basehttp 13668 16164 "GET /order/62/ HTTP/1.1" 200 1212
2023-05-27 13:53:56,624 INFO basehttp 13668 16164 "GET /static/css/style.css HTTP/1.1" 200 87
